[ 2017-06-15T10:39:36+08:00 ] 127.0.0.1 /admin/ks_manage/taskpagefpAdd
INFO: [ route_check ] --START--
INFO: Run CheckRoute Behavior [ RunTime:0.001000s ]
INFO: [ route_check ] --END-- [ RunTime:0.001000s ]
NOTIC: [8192] preg_replace(): The /e modifier is deprecated, use preg_replace_callback instead D:\project\gaotie_jx\ThinkPHP\Lib\Core\Dispatcher.class.php 第 120 行.
NOTIC: [8192] preg_replace(): The /e modifier is deprecated, use preg_replace_callback instead D:\project\gaotie_jx\ThinkPHP\Common\common.php 第 89 行.
INFO: [ app_begin ] --START--
INFO: Run ReadHtmlCache Behavior [ RunTime:0.000000s ]
INFO: [ app_begin ] --END-- [ RunTime:0.001000s ]
SQL: SELECT   column_name,   data_type,   column_default,   is_nullable
        FROM    information_schema.tables AS t
        JOIN    information_schema.columns AS c
        ON  t.table_catalog = c.table_catalog
        AND t.table_schema  = c.table_schema
        AND t.table_name    = c.table_name
        WHERE   t.table_name = 't_position_mod' [ RunTime:0.001000s ]
SQL: SELECT   column_name,   data_type,   column_default,   is_nullable
        FROM    information_schema.tables AS t
        JOIN    information_schema.columns AS c
        ON  t.table_catalog = c.table_catalog
        AND t.table_schema  = c.table_schema
        AND t.table_name    = c.table_name
        WHERE   t.table_name = 't_tool' [ RunTime:0.002000s ]
SQL: SELECT   column_name,   data_type,   column_default,   is_nullable
        FROM    information_schema.tables AS t
        JOIN    information_schema.columns AS c
        ON  t.table_catalog = c.table_catalog
        AND t.table_schema  = c.table_schema
        AND t.table_name    = c.table_name
        WHERE   t.table_name = 't_unit' [ RunTime:0.002000s ]
SQL: SELECT   column_name,   data_type,   column_default,   is_nullable
        FROM    information_schema.tables AS t
        JOIN    information_schema.columns AS c
        ON  t.table_catalog = c.table_catalog
        AND t.table_schema  = c.table_schema
        AND t.table_name    = c.table_name
        WHERE   t.table_name = 't_material' [ RunTime:0.001000s ]
SQL: SELECT   column_name,   data_type,   column_default,   is_nullable
        FROM    information_schema.tables AS t
        JOIN    information_schema.columns AS c
        ON  t.table_catalog = c.table_catalog
        AND t.table_schema  = c.table_schema
        AND t.table_name    = c.table_name
        WHERE   t.table_name = 't_task_base' [ RunTime:0.002000s ]
SQL: SELECT   column_name,   data_type,   column_default,   is_nullable
        FROM    information_schema.tables AS t
        JOIN    information_schema.columns AS c
        ON  t.table_catalog = c.table_catalog
        AND t.table_schema  = c.table_schema
        AND t.table_name    = c.table_name
        WHERE   t.table_name = 't_task_stu' [ RunTime:0.001000s ]
SQL: SELECT   column_name,   data_type,   column_default,   is_nullable
        FROM    information_schema.tables AS t
        JOIN    information_schema.columns AS c
        ON  t.table_catalog = c.table_catalog
        AND t.table_schema  = c.table_schema
        AND t.table_name    = c.table_name
        WHERE   t.table_name = 't_departid_2013' [ RunTime:0.002000s ]
SQL: SELECT   column_name,   data_type,   column_default,   is_nullable
        FROM    information_schema.tables AS t
        JOIN    information_schema.columns AS c
        ON  t.table_catalog = c.table_catalog
        AND t.table_schema  = c.table_schema
        AND t.table_name    = c.table_name
        WHERE   t.table_name = 't_user_info_2013' [ RunTime:0.002000s ]
SQL: SELECT   column_name,   data_type,   column_default,   is_nullable
        FROM    information_schema.tables AS t
        JOIN    information_schema.columns AS c
        ON  t.table_catalog = c.table_catalog
        AND t.table_schema  = c.table_schema
        AND t.table_name    = c.table_name
        WHERE   t.table_name = 't_kaoshi_2013' [ RunTime:0.001000s ]
SQL: SELECT   column_name,   data_type,   column_default,   is_nullable
        FROM    information_schema.tables AS t
        JOIN    information_schema.columns AS c
        ON  t.table_catalog = c.table_catalog
        AND t.table_schema  = c.table_schema
        AND t.table_name    = c.table_name
        WHERE   t.table_name = 't_task_tool_result_2013' [ RunTime:0.002000s ]
SQL: SELECT   column_name,   data_type,   column_default,   is_nullable
        FROM    information_schema.tables AS t
        JOIN    information_schema.columns AS c
        ON  t.table_catalog = c.table_catalog
        AND t.table_schema  = c.table_schema
        AND t.table_name    = c.table_name
        WHERE   t.table_name = 't_task_page_list_2013' [ RunTime:0.002001s ]
SQL: SELECT   column_name,   data_type,   column_default,   is_nullable
        FROM    information_schema.tables AS t
        JOIN    information_schema.columns AS c
        ON  t.table_catalog = c.table_catalog
        AND t.table_schema  = c.table_schema
        AND t.table_name    = c.table_name
        WHERE   t.table_name = 't_task_page_2013' [ RunTime:0.001000s ]
SQL: SELECT   column_name,   data_type,   column_default,   is_nullable
        FROM    information_schema.tables AS t
        JOIN    information_schema.columns AS c
        ON  t.table_catalog = c.table_catalog
        AND t.table_schema  = c.table_schema
        AND t.table_name    = c.table_name
        WHERE   t.table_name = 't_task_page_result_2013' [ RunTime:0.001000s ]
SQL: SELECT   column_name,   data_type,   column_default,   is_nullable
        FROM    information_schema.tables AS t
        JOIN    information_schema.columns AS c
        ON  t.table_catalog = c.table_catalog
        AND t.table_schema  = c.table_schema
        AND t.table_name    = c.table_name
        WHERE   t.table_name = 't_m_node' [ RunTime:0.002000s ]
NOTIC: [8192] preg_replace(): The /e modifier is deprecated, use preg_replace_callback instead D:\project\gaotie_jx\ThinkPHP\Lib\Core\Db.class.php 第 571 行.
SQL: SELECT T1.* FROM (SELECT thinkphp.*, ROW_NUMBER() OVER ( ORDER BY rand()) AS ROW_NUMBER FROM (SELECT  * FROM t_m_node INNER JOIN t_m_role_access ra ON ra.node_id = t_m_node.id and ra.role_id=1 and t_m_node.level=1 and t_m_node.fid=0) AS thinkphp) AS T1  [ RunTime:0.002000s ]
NOTIC: [8192] preg_replace(): The /e modifier is deprecated, use preg_replace_callback instead D:\project\gaotie_jx\ThinkPHP\Lib\Core\Db.class.php 第 571 行.
SQL: SELECT T1.* FROM (SELECT thinkphp.*, ROW_NUMBER() OVER ( ORDER BY rand()) AS ROW_NUMBER FROM (SELECT  * FROM t_m_node INNER JOIN t_m_role_access ra ON ra.node_id = t_m_node.id and ra.role_id=1 and t_m_node.level=2 and t_m_node.fid=1) AS thinkphp) AS T1  [ RunTime:0.001000s ]
NOTIC: [8192] preg_replace(): The /e modifier is deprecated, use preg_replace_callback instead D:\project\gaotie_jx\ThinkPHP\Lib\Core\Db.class.php 第 571 行.
SQL: SELECT T1.* FROM (SELECT thinkphp.*, ROW_NUMBER() OVER ( ORDER BY rand()) AS ROW_NUMBER FROM (SELECT  * FROM t_m_node INNER JOIN t_m_role_access ra ON ra.node_id = t_m_node.id and ra.role_id=1 and t_m_node.level=3 and t_m_node.fid='40') AS thinkphp) AS T1  [ RunTime:0.000000s ]
SQL: INSERT INTO t_kaoshi_2013 (paperid,uid,state) VALUES (76,1,0) [ RunTime:0.002000s ]
SQL: INSERT INTO t_kaoshi_2013 (paperid,uid,state) VALUES (76,2,0) [ RunTime:0.002000s ]
SQL: INSERT INTO t_kaoshi_2013 (paperid,uid,state) VALUES (76,3,0) [ RunTime:0.002000s ]

[ 2017-06-15T10:39:57+08:00 ] 127.0.0.1 /admin/ks_manage/taskpagefplist?_=1497494379873
INFO: [ route_check ] --START--
INFO: Run CheckRoute Behavior [ RunTime:0.001000s ]
INFO: [ route_check ] --END-- [ RunTime:0.001000s ]
NOTIC: [8192] preg_replace(): The /e modifier is deprecated, use preg_replace_callback instead D:\project\gaotie_jx\ThinkPHP\Lib\Core\Dispatcher.class.php 第 120 行.
NOTIC: [8192] preg_replace(): The /e modifier is deprecated, use preg_replace_callback instead D:\project\gaotie_jx\ThinkPHP\Common\common.php 第 89 行.
INFO: [ app_begin ] --START--
INFO: Run ReadHtmlCache Behavior [ RunTime:0.000000s ]
INFO: [ app_begin ] --END-- [ RunTime:0.001000s ]
SQL: SELECT   column_name,   data_type,   column_default,   is_nullable
        FROM    information_schema.tables AS t
        JOIN    information_schema.columns AS c
        ON  t.table_catalog = c.table_catalog
        AND t.table_schema  = c.table_schema
        AND t.table_name    = c.table_name
        WHERE   t.table_name = 't_position_mod' [ RunTime:0.002000s ]
SQL: SELECT   column_name,   data_type,   column_default,   is_nullable
        FROM    information_schema.tables AS t
        JOIN    information_schema.columns AS c
        ON  t.table_catalog = c.table_catalog
        AND t.table_schema  = c.table_schema
        AND t.table_name    = c.table_name
        WHERE   t.table_name = 't_tool' [ RunTime:0.002000s ]
SQL: SELECT   column_name,   data_type,   column_default,   is_nullable
        FROM    information_schema.tables AS t
        JOIN    information_schema.columns AS c
        ON  t.table_catalog = c.table_catalog
        AND t.table_schema  = c.table_schema
        AND t.table_name    = c.table_name
        WHERE   t.table_name = 't_unit' [ RunTime:0.002000s ]
SQL: SELECT   column_name,   data_type,   column_default,   is_nullable
        FROM    information_schema.tables AS t
        JOIN    information_schema.columns AS c
        ON  t.table_catalog = c.table_catalog
        AND t.table_schema  = c.table_schema
        AND t.table_name    = c.table_name
        WHERE   t.table_name = 't_material' [ RunTime:0.001000s ]
SQL: SELECT   column_name,   data_type,   column_default,   is_nullable
        FROM    information_schema.tables AS t
        JOIN    information_schema.columns AS c
        ON  t.table_catalog = c.table_catalog
        AND t.table_schema  = c.table_schema
        AND t.table_name    = c.table_name
        WHERE   t.table_name = 't_task_base' [ RunTime:0.002001s ]
SQL: SELECT   column_name,   data_type,   column_default,   is_nullable
        FROM    information_schema.tables AS t
        JOIN    information_schema.columns AS c
        ON  t.table_catalog = c.table_catalog
        AND t.table_schema  = c.table_schema
        AND t.table_name    = c.table_name
        WHERE   t.table_name = 't_task_stu' [ RunTime:0.001000s ]
SQL: SELECT   column_name,   data_type,   column_default,   is_nullable
        FROM    information_schema.tables AS t
        JOIN    information_schema.columns AS c
        ON  t.table_catalog = c.table_catalog
        AND t.table_schema  = c.table_schema
        AND t.table_name    = c.table_name
        WHERE   t.table_name = 't_departid_2013' [ RunTime:0.001000s ]
SQL: SELECT   column_name,   data_type,   column_default,   is_nullable
        FROM    information_schema.tables AS t
        JOIN    information_schema.columns AS c
        ON  t.table_catalog = c.table_catalog
        AND t.table_schema  = c.table_schema
        AND t.table_name    = c.table_name
        WHERE   t.table_name = 't_user_info_2013' [ RunTime:0.002000s ]
SQL: SELECT   column_name,   data_type,   column_default,   is_nullable
        FROM    information_schema.tables AS t
        JOIN    information_schema.columns AS c
        ON  t.table_catalog = c.table_catalog
        AND t.table_schema  = c.table_schema
        AND t.table_name    = c.table_name
        WHERE   t.table_name = 't_kaoshi_2013' [ RunTime:0.002000s ]
SQL: SELECT   column_name,   data_type,   column_default,   is_nullable
        FROM    information_schema.tables AS t
        JOIN    information_schema.columns AS c
        ON  t.table_catalog = c.table_catalog
        AND t.table_schema  = c.table_schema
        AND t.table_name    = c.table_name
        WHERE   t.table_name = 't_task_tool_result_2013' [ RunTime:0.002000s ]
SQL: SELECT   column_name,   data_type,   column_default,   is_nullable
        FROM    information_schema.tables AS t
        JOIN    information_schema.columns AS c
        ON  t.table_catalog = c.table_catalog
        AND t.table_schema  = c.table_schema
        AND t.table_name    = c.table_name
        WHERE   t.table_name = 't_task_page_list_2013' [ RunTime:0.001000s ]
SQL: SELECT   column_name,   data_type,   column_default,   is_nullable
        FROM    information_schema.tables AS t
        JOIN    information_schema.columns AS c
        ON  t.table_catalog = c.table_catalog
        AND t.table_schema  = c.table_schema
        AND t.table_name    = c.table_name
        WHERE   t.table_name = 't_task_page_2013' [ RunTime:0.002000s ]
SQL: SELECT   column_name,   data_type,   column_default,   is_nullable
        FROM    information_schema.tables AS t
        JOIN    information_schema.columns AS c
        ON  t.table_catalog = c.table_catalog
        AND t.table_schema  = c.table_schema
        AND t.table_name    = c.table_name
        WHERE   t.table_name = 't_task_page_result_2013' [ RunTime:0.002000s ]
SQL: SELECT   column_name,   data_type,   column_default,   is_nullable
        FROM    information_schema.tables AS t
        JOIN    information_schema.columns AS c
        ON  t.table_catalog = c.table_catalog
        AND t.table_schema  = c.table_schema
        AND t.table_name    = c.table_name
        WHERE   t.table_name = 't_m_node' [ RunTime:0.001000s ]
NOTIC: [8192] preg_replace(): The /e modifier is deprecated, use preg_replace_callback instead D:\project\gaotie_jx\ThinkPHP\Lib\Core\Db.class.php 第 571 行.
SQL: SELECT T1.* FROM (SELECT thinkphp.*, ROW_NUMBER() OVER ( ORDER BY rand()) AS ROW_NUMBER FROM (SELECT  * FROM t_m_node INNER JOIN t_m_role_access ra ON ra.node_id = t_m_node.id and ra.role_id=1 and t_m_node.level=1 and t_m_node.fid=0) AS thinkphp) AS T1  [ RunTime:0.001000s ]
NOTIC: [8192] preg_replace(): The /e modifier is deprecated, use preg_replace_callback instead D:\project\gaotie_jx\ThinkPHP\Lib\Core\Db.class.php 第 571 行.
SQL: SELECT T1.* FROM (SELECT thinkphp.*, ROW_NUMBER() OVER ( ORDER BY rand()) AS ROW_NUMBER FROM (SELECT  * FROM t_m_node INNER JOIN t_m_role_access ra ON ra.node_id = t_m_node.id and ra.role_id=1 and t_m_node.level=2 and t_m_node.fid=1) AS thinkphp) AS T1  [ RunTime:0.001000s ]
NOTIC: [8192] preg_replace(): The /e modifier is deprecated, use preg_replace_callback instead D:\project\gaotie_jx\ThinkPHP\Lib\Core\Db.class.php 第 571 行.
SQL: SELECT T1.* FROM (SELECT thinkphp.*, ROW_NUMBER() OVER ( ORDER BY rand()) AS ROW_NUMBER FROM (SELECT  * FROM t_m_node INNER JOIN t_m_role_access ra ON ra.node_id = t_m_node.id and ra.role_id=1 and t_m_node.level=3 and t_m_node.fid='40') AS thinkphp) AS T1  [ RunTime:0.002000s ]
NOTIC: [8] Undefined index: name D:\project\gaotie_jx\Project\Lib\Action\Admin\KsManageAction.class.php 第 650 行.
NOTIC: [8] Undefined index: _order D:\project\gaotie_jx\Project\Lib\Action\Admin\KsManageAction.class.php 第 679 行.
NOTIC: [8192] preg_replace(): The /e modifier is deprecated, use preg_replace_callback instead D:\project\gaotie_jx\ThinkPHP\Lib\Core\Db.class.php 第 571 行.
SQL: SELECT T1.* FROM (SELECT thinkphp.*, ROW_NUMBER() OVER ( ORDER BY paperid desc) AS ROW_NUMBER FROM (SELECT  * FROM t_kaoshi_2013 WHERE ( state = 0 )) AS thinkphp) AS T1  [ RunTime:0.005000s ]
NOTIC: [8192] preg_replace(): The /e modifier is deprecated, use preg_replace_callback instead D:\project\gaotie_jx\ThinkPHP\Lib\Core\Db.class.php 第 571 行.
SQL: SELECT T1.* FROM (SELECT thinkphp.*, ROW_NUMBER() OVER ( ORDER BY rand()) AS ROW_NUMBER FROM (SELECT  * FROM t_task_page_list_2013 WHERE ( autoid IN (76,56,55,54,53,52,51,50,49,48,47,46,45,44,43,42) )) AS thinkphp) AS T1  [ RunTime:0.002000s ]
NOTIC: [8192] preg_replace(): The /e modifier is deprecated, use preg_replace_callback instead D:\project\gaotie_jx\ThinkPHP\Lib\Core\Db.class.php 第 571 行.
SQL: SELECT T1.* FROM (SELECT thinkphp.*, ROW_NUMBER() OVER ( ORDER BY rand()) AS ROW_NUMBER FROM (SELECT  * FROM t_user_info_2013 WHERE ( uid IN (1,2,3) )) AS thinkphp) AS T1  [ RunTime:0.001000s ]
NOTIC: [8192] preg_replace(): The /e modifier is deprecated, use preg_replace_callback instead D:\project\gaotie_jx\ThinkPHP\Lib\Core\Db.class.php 第 571 行.
SQL: SELECT T1.* FROM (SELECT thinkphp.*, ROW_NUMBER() OVER ( ORDER BY rand()) AS ROW_NUMBER FROM (SELECT  * FROM t_user_info_2013 WHERE ( uid IN (1,2,3,4,5,6,7,8,9,10,11,12,13,14,15,16,17,18,19,20,21,22,23,24,25,26,27,28,29,30,31,32,33,34,35,36,37,38,39,40,41,42,43,44,45,46,47,48,49,50,51,52,53,54,55,56,57,58,59,60,61,62,63,64,65,66,67,68,69,70,71,72,73,74,75,76,77,78,79,80,81,82,83,84,85,86,87,88,89,90,91,92,93,94,95,96,97,98,99,100,101,102,103,104,105,106,107,108,109,110,111,112,113,114,115,116,117,118,119,120,121,122,123,124,125,126,127,128,129,130,131,132,133,134,135,136,137,138,139,140,141,142,143,144,145,146,147,148,149,150,151,152,153,154,155,156,157,158,159,160,161,162,163,164,165,166,167,168,169,170,171,172,173,174,175,176,177,178,179,180,181,182) )) AS thinkphp) AS T1  [ RunTime:0.003000s ]
NOTIC: [8192] preg_replace(): The /e modifier is deprecated, use preg_replace_callback instead D:\project\gaotie_jx\ThinkPHP\Lib\Core\Db.class.php 第 571 行.
SQL: SELECT T1.* FROM (SELECT thinkphp.*, ROW_NUMBER() OVER ( ORDER BY rand()) AS ROW_NUMBER FROM (SELECT  * FROM t_user_info_2013 WHERE ( uid IN (1,2,3,5,6,7,8,9,10,11,12,13,14,15,16,17,18) )) AS thinkphp) AS T1  [ RunTime:0.003000s ]
NOTIC: [8192] preg_replace(): The /e modifier is deprecated, use preg_replace_callback instead D:\project\gaotie_jx\ThinkPHP\Lib\Core\Db.class.php 第 571 行.
SQL: SELECT T1.* FROM (SELECT thinkphp.*, ROW_NUMBER() OVER ( ORDER BY rand()) AS ROW_NUMBER FROM (SELECT  * FROM t_user_info_2013 WHERE ( uid IN (1,2,3,4,5,7,8,9,10,11,12,13,14,15,16,17,18,19,20,21,22,23,24,25,26,27,28,29,30,31,32,33,34,35,36,37,38,39,40,41,42,43,44,45,46,47,48,49,50,51,52,53,54,55,56,57,58,59,60,61,62,63,64,65,66,67,68,69,70,71,72,73,74,75,76,77,78,79,80,81,82,83,84,85,86,87,88,89,90,91,92,93,94,95,96,97,98,99,100,101,102,103,104,105,106,107,108,109,110,111,112,113,114,115,116,117,118,119,120,121,122,123,124,125,126,127,128,129,130,131,132,133,134,135,136,137,138,139,140,141,142,143,144,145,146,147,148,149,150,151,152,153,154,155,156,157,158,159,160,161,162,163,164,165,166,167,168,169,170,171,172,173,174,175,176,177,178,179,180,181,182) )) AS thinkphp) AS T1  [ RunTime:0.003000s ]
NOTIC: [8192] preg_replace(): The /e modifier is deprecated, use preg_replace_callback instead D:\project\gaotie_jx\ThinkPHP\Lib\Core\Db.class.php 第 571 行.
SQL: SELECT T1.* FROM (SELECT thinkphp.*, ROW_NUMBER() OVER ( ORDER BY rand()) AS ROW_NUMBER FROM (SELECT  * FROM t_user_info_2013 WHERE ( uid IN (1,2,3,4,6,9,10,11,12,13,14,15,16,17,18,19,20,21,22,23,24,25,26,27,28,29,30,31,32,33,34,35,36,37,38,39,40,41,42,43,44,45,46,47,48,49,50,51,52,53,54,55,56,57,58,59,60,61,62,63,64,65,66,67,68,69,70,71,72,73,74,75,76,77,78,79,80,81,82,83,84,85,86,87,88,89,90,91,92,93,94,95,96,97,98,99,100,101,102,103,104,105,106,107,108,109,110,111,112,113,114,115,116,117,118,119,120,121,122,123,124,125,126,127,128,129,130,131,132,133,134,135,136,137,138,139,140,141,142,143,144,145,146,147,148,149,150,151,152,153,154,155,156,157,158,159,160,161,162,163,164,165,166,167,168,169,170,171,172,173,174,175,176,177,178,179,180,181,182) )) AS thinkphp) AS T1  [ RunTime:0.003000s ]
NOTIC: [8192] preg_replace(): The /e modifier is deprecated, use preg_replace_callback instead D:\project\gaotie_jx\ThinkPHP\Lib\Core\Db.class.php 第 571 行.
SQL: SELECT T1.* FROM (SELECT thinkphp.*, ROW_NUMBER() OVER ( ORDER BY rand()) AS ROW_NUMBER FROM (SELECT  * FROM t_user_info_2013 WHERE ( uid IN (2,4,6,7,8,9,10,11,12,13,14,15,16,17,18,19,20,21,22,23,24,25,26,27,28,29,30,31,32,33,34,35,36,37,38,39,40,41,42,43,44,45,46,47,48,49,50,51,52,53,54,55,56,57,58,59,60,61,62,63,64,65,66,67,68,69,70,71,72,73,74,75,76,77,78,79,80,81,82,83,84,85,86,87,88,89,90,91,92,93,94,95,96,97,98,99,100,101,102,103,104,105,106,107,108,109,110,111,112,113,114,115,116,117,118,119,120,121,122,123,124,125,126,127,128,129,130,131,132,133,134,135,136,137,138,139,140,141,142,143,144,145,146,147,148,149,150,151,152,153,154,155,156,157,158,159,160,161,162,163,164,165,166,167,168,169,170,171,172,173,174,175,176,177,178,179,180,181,182) )) AS thinkphp) AS T1  [ RunTime:0.002000s ]
NOTIC: [8192] preg_replace(): The /e modifier is deprecated, use preg_replace_callback instead D:\project\gaotie_jx\ThinkPHP\Lib\Core\Db.class.php 第 571 行.
SQL: SELECT T1.* FROM (SELECT thinkphp.*, ROW_NUMBER() OVER ( ORDER BY rand()) AS ROW_NUMBER FROM (SELECT  * FROM t_user_info_2013 WHERE ( uid IN (2,3,4,5,6,7,8,9,10,11,12,13,14,15,16,17,18,19,20,21,22,23,24,25,26,27,28,29,30,31,32,33,34,35,36,37,38,39,40,41,42,43,44,45,46,47,48,49,50,51,52,53,54,55,56,57,58,59,60,61,62,63,64,65,66,67,68,69,70,71,72,73,74,75,76,77,78,79,80,81,82,83,84,85,86,87,88,89,90,91,92,93,94,95,96,97,98,99,100,101,102,103,104,105,106,107,108,109,110,111,112,113,114,115,116,117,118,119,120,121,122,123,124,125,126,127,128,129,130,131,132,133,134,135,136,137,138,139,140,141,142,143,144,145,146,147,148,149,150,151,152,153,154,155,156,157,158,159,160,161,162,163,164,165,166,167,168,169,170,171,172,173,174,175,176,177,178,179,180,181,182) )) AS thinkphp) AS T1  [ RunTime:0.002000s ]
NOTIC: [8192] preg_replace(): The /e modifier is deprecated, use preg_replace_callback instead D:\project\gaotie_jx\ThinkPHP\Lib\Core\Db.class.php 第 571 行.
SQL: SELECT T1.* FROM (SELECT thinkphp.*, ROW_NUMBER() OVER ( ORDER BY rand()) AS ROW_NUMBER FROM (SELECT  * FROM t_user_info_2013 WHERE ( uid IN (1,3,5,6,7,8,9,10,11,12,13,14,15,16,17,18,19,20,21,22,23,24,25,26,27,28,29,30,31,32,33,34,35,36,37,38,39,40,41,42,43,44,45,46,47,48,49,50,51,52,53,54,55,56,57,58,59,60,61,62,63,64,65,66,67,68,69,70,71,72,73,74,75,76,77,78,79,80,81,82,83,84,85,86,87,88,89,90,91,92,93,94,95,96,97,98,99,100,101,102,103,104,105,106,107,108,109,110,111,112,113,114,115,116,117,118,119,120,121,122,123,124,125,126,127,128,129,130,131,132,133,134,135,136,137,138,139,140,141,142,143,144,145,146,147,148,149,150,151,152,153,154,155,156,157,158,159,160,161,162,163,164,165,166,167,168,169,170,171,172,173,174,175,176,177,178,179,180,181,182) )) AS thinkphp) AS T1  [ RunTime:0.003001s ]
NOTIC: [8192] preg_replace(): The /e modifier is deprecated, use preg_replace_callback instead D:\project\gaotie_jx\ThinkPHP\Lib\Core\Db.class.php 第 571 行.
SQL: SELECT T1.* FROM (SELECT thinkphp.*, ROW_NUMBER() OVER ( ORDER BY rand()) AS ROW_NUMBER FROM (SELECT  * FROM t_user_info_2013 WHERE ( uid IN (2,3,4,5,6,7,8,9,10,11,12,13,14,15,16,17,18,19,20,21,22,23,24,25,26,27,28,29,30,31,32,33,34,35,36,37,38,39,40,41,42,43,44,45,46,47,48,49,50,51,52,53,54,55,56,57,58,59,60,61,62,63,64,65,66,67,68,69,70,71,72,73,74,75,76,77,78,79,80,81,82,83,84,85,86,87,88,89,90,91,92,93,94,95,96,97,98,99,100,101,102,103,104,105,106,107,108,109,110,111,112,113,114,115,116,117,118,119,120,121,122,123,124,125,126,127,128,129,130,131,132,133,134,135,136,137,138,139,140,141,142,143,144,145,146,147,148,149,150,151,152,153,154,155,156,157,158,159,160,161,162,163,164,165,166,167,168,169,170,171,172,173,174,175,176,177,178,179,180,181,182) )) AS thinkphp) AS T1  [ RunTime:0.002000s ]
NOTIC: [8192] preg_replace(): The /e modifier is deprecated, use preg_replace_callback instead D:\project\gaotie_jx\ThinkPHP\Lib\Core\Db.class.php 第 571 行.
SQL: SELECT T1.* FROM (SELECT thinkphp.*, ROW_NUMBER() OVER ( ORDER BY rand()) AS ROW_NUMBER FROM (SELECT  * FROM t_user_info_2013 WHERE ( uid IN (1,3,4,5,6,7,8,9,10,11,12,13,14,15,16,17,18,19,20,21,22,23,24,25,26,27,28,29,30,31,32,33,34,35,36,37,38,39,40,41,42,43,44,45,46,47,48,49,50,51,52,53,54,55,56,57,58,59,60,61,62,63,64,65,66,67,68,69,70,71,72,73,74,75,76,77,78,79,80,81,82,83,84,85,86,87,88,89,90,91,92,93,94,95,96,97,98,99,100,101,102,103,104,105,106,107,108,109,110,111,112,113,114,115,116,117,118,119,120,121,122,123,124,125,126,127,128,129,130,131,132,133,134,135,136,137,138,139,140,141,142,143,144,145,146,147,148,149,150,151,152,153,154,155,156,157,158,159,160,161,162,163,164,165,166,167,168,169,170,171,172,173,174,175,176) )) AS thinkphp) AS T1  [ RunTime:0.002000s ]
NOTIC: [8192] preg_replace(): The /e modifier is deprecated, use preg_replace_callback instead D:\project\gaotie_jx\ThinkPHP\Lib\Core\Db.class.php 第 571 行.
SQL: SELECT T1.* FROM (SELECT thinkphp.*, ROW_NUMBER() OVER ( ORDER BY rand()) AS ROW_NUMBER FROM (SELECT  * FROM t_user_info_2013 WHERE ( uid IN (2,3,4,5,6,7,8,9,10,11,12,13,14,15,16,17,18,19,20,21,22,23,24,25,26,27,28,29,30,31,32,33,34,35,36,37,38,39,40,41,42,43,44,45,46,47,48,49,50,51,52,53,54,55,56,57,58,59,60,61,62,63,64,65,66,67,68,69,70,71,72,73,74,75,76,77,78,79,80,81,82,83,84,85,86,87,88,89,90,91,92,93,94,95,96,97,98,99,100,101,102,103,104,105,106,107,108,109,110,111,112,113,114,115,116,117,118,119,120,121,122,123,124,125,126,127,128,129,130,131,132,133,134,135,136,137,138,139,140,141,142,143,144,145,146,147,148,149,150,151,152,153,154,155,156,157,158,159,160,161,162,163,164,165,166,167,168,169,170,171,172,173,174,175,176) )) AS thinkphp) AS T1  [ RunTime:0.003000s ]
NOTIC: [8192] preg_replace(): The /e modifier is deprecated, use preg_replace_callback instead D:\project\gaotie_jx\ThinkPHP\Lib\Core\Db.class.php 第 571 行.
SQL: SELECT T1.* FROM (SELECT thinkphp.*, ROW_NUMBER() OVER ( ORDER BY rand()) AS ROW_NUMBER FROM (SELECT  * FROM t_user_info_2013 WHERE ( uid IN (2,3,4,5,6,7,8,9,10,11,12,13) )) AS thinkphp) AS T1  [ RunTime:0.002000s ]
NOTIC: [8192] preg_replace(): The /e modifier is deprecated, use preg_replace_callback instead D:\project\gaotie_jx\ThinkPHP\Lib\Core\Db.class.php 第 571 行.
SQL: SELECT T1.* FROM (SELECT thinkphp.*, ROW_NUMBER() OVER ( ORDER BY rand()) AS ROW_NUMBER FROM (SELECT  * FROM t_user_info_2013 WHERE ( uid IN (2,3,4,5,6,7,8,9,10,11,12,13,14,15,16,17,18,19,20,21,22,23,24,25,26,27,28,29,30,31,32,33,34,35,36,37,38,39,40,41,42,43,44,45,46,47,48,49,50,51,52,53,54,55,56,57,58,59,60,61,62,63,64,65,66,67,68,69,70,71,72,73,74,75,76,77,78,79,80,81,82,83,84,85,86,87,88,89,90,91,92,93,94,95,96,97,98,99,100,101,102,103,104,105,106,107,108,109,110,111,112,113,114,115,116,117,118,119,120,121,122,123,124,125,126,127,128,129,130,131,132,133,134,135,136,137,138,139,140,141,142,143,144,145,146,147,148,149,150,151,152,153,154,155,156,157,158,159,160,161,162,163,164,165,166,167,168,169,170,171,172,173,174,175,176) )) AS thinkphp) AS T1  [ RunTime:0.002000s ]
NOTIC: [8192] preg_replace(): The /e modifier is deprecated, use preg_replace_callback instead D:\project\gaotie_jx\ThinkPHP\Lib\Core\Db.class.php 第 571 行.
SQL: SELECT T1.* FROM (SELECT thinkphp.*, ROW_NUMBER() OVER ( ORDER BY rand()) AS ROW_NUMBER FROM (SELECT  * FROM t_user_info_2013 WHERE ( uid IN (2,3,4,5,6,7,8,9,10,11,12,13,14,15,16,17,18,19,20,21,22,23,24,25,26,27,28,29,30,31,32,33,34,35,36,37,38,39,40,41,42,43,44,45,46,47,48,49,50,51,52,53,54,55,56,57,58,59,60,61,62,63,64,65,66,67,68,69,70,71,72,73,74,75,76,77,78,79,80,81,82,83,84,85,86,87,88,89,90,91,92,93,94,95,96,97,98,99,100,101,102,103,104,105,106,107,108,109,110,111,112,113,114,115,116,117,118,119,120,121,122,123,124,125,126,127,128,129,130,131,132,133,134,135,136,137,138,139,140,141,142,143,144,145,146,147,148,149,150,151,152,153,154,155,156,157,158,159,160,161,162,163,164,165,166,167,168,169,170,171,172,173,174,175,176) )) AS thinkphp) AS T1  [ RunTime:0.003001s ]
NOTIC: [8192] preg_replace(): The /e modifier is deprecated, use preg_replace_callback instead D:\project\gaotie_jx\ThinkPHP\Lib\Core\Db.class.php 第 571 行.
SQL: SELECT T1.* FROM (SELECT thinkphp.*, ROW_NUMBER() OVER ( ORDER BY rand()) AS ROW_NUMBER FROM (SELECT  * FROM t_user_info_2013 WHERE ( uid IN (2,3,4,5,6,7,8,9,10,11,12,13,14,15,16,17,18,19,20,21,22,23,24,25,26,27,28,29,30,31,32,33,34,35,36,37,38,39,40,41,42,43,44,45,46,47,48,49,50,51,52,53,54,55,56,57,58,59,60,61,62,63,64,65,66,67,68,69,70,71,72,73,74,75,76,77,78,79,80,81,82,83,84,85,86,87,88,89,90,91,92,93,94,95,96,97,98,99,100,101,102,103,104,105,106,107,108,109,110,111,112,113,114,115,116,117,118,119,120,121,122,123,124,125,126,127,128,129,130,131,132,133,134,135,136,137,138,139,140,141,142,143,144,145,146,147,148,149,150,151,152,153,154,155,156,157,158,159,160,161,162,163,164,165,166,167,168,169,170,171,172,173,174,175,176) )) AS thinkphp) AS T1  [ RunTime:0.003000s ]
NOTIC: [8192] preg_replace(): The /e modifier is deprecated, use preg_replace_callback instead D:\project\gaotie_jx\ThinkPHP\Lib\Core\Db.class.php 第 571 行.
SQL: SELECT T1.* FROM (SELECT thinkphp.*, ROW_NUMBER() OVER ( ORDER BY rand()) AS ROW_NUMBER FROM (SELECT  * FROM t_user_info_2013 WHERE ( uid IN (1,2,3,4,5,8,9,10,11,12,13,14,15,16,17,18,19,20,21,22,23,24,25,26,27,28,29,30,31,32,33,34,35,36,37,38,39,40,41,42,43,44,45,46,47,48,49,50,51,52,53,54,55,56,57,58,59,60,61,62,63,64,65,66,67,68,69,70,71,72,73,74,75,76,77,78,79,80,81,82,83,84,85,86,87,88,89,90,91,92,93,94,95,96,97,98,99,100,101,102,103,104,105,106,107,108,109,110,111,112,113,114,115,116,117,118,119,120,121,122,123,124,125,126,127,128,129,130,131,132,133,134,135,136,137,138,139,140,141,142,143,144,145,146,147,148,149,150,151,152,153,154,155,156,157,158,159,160,161,162,163,164,165,166,167,168,169,170,171,172,173,174,175,176) )) AS thinkphp) AS T1  [ RunTime:0.001000s ]
INFO: [ view_template ] --START--
INFO: Run LocationTemplate Behavior [ RunTime:-17.917025s ]
INFO: [ view_template ] --END-- [ RunTime:0.002000s ]
INFO: [ view_parse ] --START--
NOTIC: [8192] preg_replace(): The /e modifier is deprecated, use preg_replace_callback instead D:\project\gaotie_jx\ThinkPHP\Lib\Template\ThinkTemplate.class.php 第 164 行.
NOTIC: [8192] preg_replace(): The /e modifier is deprecated, use preg_replace_callback instead D:\project\gaotie_jx\ThinkPHP\Lib\Template\ThinkTemplate.class.php 第 359 行.
NOTIC: [8192] preg_replace(): The /e modifier is deprecated, use preg_replace_callback instead D:\project\gaotie_jx\ThinkPHP\Lib\Template\ThinkTemplate.class.php 第 359 行.
NOTIC: [8192] preg_replace(): The /e modifier is deprecated, use preg_replace_callback instead D:\project\gaotie_jx\ThinkPHP\Lib\Template\ThinkTemplate.class.php 第 359 行.
NOTIC: [8192] preg_replace(): The /e modifier is deprecated, use preg_replace_callback instead D:\project\gaotie_jx\ThinkPHP\Lib\Template\ThinkTemplate.class.php 第 359 行.
NOTIC: [8192] preg_replace(): The /e modifier is deprecated, use preg_replace_callback instead D:\project\gaotie_jx\ThinkPHP\Lib\Template\ThinkTemplate.class.php 第 359 行.
NOTIC: [8192] preg_replace(): The /e modifier is deprecated, use preg_replace_callback instead D:\project\gaotie_jx\ThinkPHP\Lib\Template\ThinkTemplate.class.php 第 164 行.
NOTIC: [8192] preg_replace(): The /e modifier is deprecated, use preg_replace_callback instead D:\project\gaotie_jx\ThinkPHP\Lib\Template\ThinkTemplate.class.php 第 359 行.
NOTIC: [8192] preg_replace(): The /e modifier is deprecated, use preg_replace_callback instead D:\project\gaotie_jx\ThinkPHP\Lib\Template\ThinkTemplate.class.php 第 359 行.
NOTIC: [8192] preg_replace(): The /e modifier is deprecated, use preg_replace_callback instead D:\project\gaotie_jx\ThinkPHP\Lib\Template\ThinkTemplate.class.php 第 359 行.
NOTIC: [8192] preg_replace(): The /e modifier is deprecated, use preg_replace_callback instead D:\project\gaotie_jx\ThinkPHP\Lib\Template\ThinkTemplate.class.php 第 359 行.
NOTIC: [8192] preg_replace(): The /e modifier is deprecated, use preg_replace_callback instead D:\project\gaotie_jx\ThinkPHP\Lib\Template\ThinkTemplate.class.php 第 359 行.
NOTIC: [8192] preg_replace(): The /e modifier is deprecated, use preg_replace_callback instead D:\project\gaotie_jx\ThinkPHP\Lib\Template\ThinkTemplate.class.php 第 359 行.
NOTIC: [8192] preg_replace(): The /e modifier is deprecated, use preg_replace_callback instead D:\project\gaotie_jx\ThinkPHP\Lib\Template\ThinkTemplate.class.php 第 359 行.
NOTIC: [8192] preg_replace(): The /e modifier is deprecated, use preg_replace_callback instead D:\project\gaotie_jx\ThinkPHP\Lib\Template\ThinkTemplate.class.php 第 359 行.
NOTIC: [8192] preg_replace(): The /e modifier is deprecated, use preg_replace_callback instead D:\project\gaotie_jx\ThinkPHP\Lib\Template\ThinkTemplate.class.php 第 359 行.
NOTIC: [8192] preg_replace(): The /e modifier is deprecated, use preg_replace_callback instead D:\project\gaotie_jx\ThinkPHP\Lib\Template\ThinkTemplate.class.php 第 359 行.
NOTIC: [8192] preg_replace(): The /e modifier is deprecated, use preg_replace_callback instead D:\project\gaotie_jx\ThinkPHP\Lib\Template\ThinkTemplate.class.php 第 359 行.
NOTIC: [8192] preg_replace(): The /e modifier is deprecated, use preg_replace_callback instead D:\project\gaotie_jx\ThinkPHP\Lib\Template\ThinkTemplate.class.php 第 359 行.
NOTIC: [8192] preg_replace(): The /e modifier is deprecated, use preg_replace_callback instead D:\project\gaotie_jx\ThinkPHP\Lib\Template\ThinkTemplate.class.php 第 354 行.
NOTIC: [8192] preg_replace(): The /e modifier is deprecated, use preg_replace_callback instead D:\project\gaotie_jx\ThinkPHP\Lib\Template\ThinkTemplate.class.php 第 354 行.
NOTIC: [8192] preg_replace(): The /e modifier is deprecated, use preg_replace_callback instead D:\project\gaotie_jx\ThinkPHP\Lib\Template\ThinkTemplate.class.php 第 359 行.
NOTIC: [8192] preg_replace(): The /e modifier is deprecated, use preg_replace_callback instead D:\project\gaotie_jx\ThinkPHP\Lib\Template\ThinkTemplate.class.php 第 359 行.
NOTIC: [8192] preg_replace(): The /e modifier is deprecated, use preg_replace_callback instead D:\project\gaotie_jx\ThinkPHP\Lib\Template\ThinkTemplate.class.php 第 359 行.
NOTIC: [8192] preg_replace(): The /e modifier is deprecated, use preg_replace_callback instead D:\project\gaotie_jx\ThinkPHP\Lib\Template\ThinkTemplate.class.php 第 354 行.
NOTIC: [8192] preg_replace(): The /e modifier is deprecated, use preg_replace_callback instead D:\project\gaotie_jx\ThinkPHP\Lib\Template\ThinkTemplate.class.php 第 359 行.
NOTIC: [8192] preg_replace(): The /e modifier is deprecated, use preg_replace_callback instead D:\project\gaotie_jx\ThinkPHP\Lib\Template\ThinkTemplate.class.php 第 359 行.
NOTIC: [8192] preg_replace(): The /e modifier is deprecated, use preg_replace_callback instead D:\project\gaotie_jx\ThinkPHP\Lib\Template\ThinkTemplate.class.php 第 359 行.
NOTIC: [8192] preg_replace(): The /e modifier is deprecated, use preg_replace_callback instead D:\project\gaotie_jx\ThinkPHP\Lib\Template\ThinkTemplate.class.php 第 359 行.
NOTIC: [8192] preg_replace(): The /e modifier is deprecated, use preg_replace_callback instead D:\project\gaotie_jx\ThinkPHP\Lib\Template\ThinkTemplate.class.php 第 359 行.
NOTIC: [8192] preg_replace(): The /e modifier is deprecated, use preg_replace_callback instead D:\project\gaotie_jx\ThinkPHP\Lib\Template\ThinkTemplate.class.php 第 359 行.
NOTIC: [8192] preg_replace(): The /e modifier is deprecated, use preg_replace_callback instead D:\project\gaotie_jx\ThinkPHP\Lib\Template\ThinkTemplate.class.php 第 359 行.
NOTIC: [8192] preg_replace(): The /e modifier is deprecated, use preg_replace_callback instead D:\project\gaotie_jx\ThinkPHP\Lib\Template\ThinkTemplate.class.php 第 359 行.
NOTIC: [8192] preg_replace(): The /e modifier is deprecated, use preg_replace_callback instead D:\project\gaotie_jx\ThinkPHP\Lib\Template\ThinkTemplate.class.php 第 359 行.
NOTIC: [8192] preg_replace(): The /e modifier is deprecated, use preg_replace_callback instead D:\project\gaotie_jx\ThinkPHP\Lib\Template\ThinkTemplate.class.php 第 359 行.
NOTIC: [8192] preg_replace(): The /e modifier is deprecated, use preg_replace_callback instead D:\project\gaotie_jx\ThinkPHP\Lib\Template\ThinkTemplate.class.php 第 359 行.
NOTIC: [8192] preg_replace(): The /e modifier is deprecated, use preg_replace_callback instead D:\project\gaotie_jx\ThinkPHP\Lib\Template\ThinkTemplate.class.php 第 359 行.
NOTIC: [8192] preg_replace(): The /e modifier is deprecated, use preg_replace_callback instead D:\project\gaotie_jx\ThinkPHP\Lib\Template\ThinkTemplate.class.php 第 359 行.
NOTIC: [8192] preg_replace(): The /e modifier is deprecated, use preg_replace_callback instead D:\project\gaotie_jx\ThinkPHP\Lib\Template\ThinkTemplate.class.php 第 359 行.
NOTIC: [8192] preg_replace(): The /e modifier is deprecated, use preg_replace_callback instead D:\project\gaotie_jx\ThinkPHP\Lib\Template\ThinkTemplate.class.php 第 359 行.
NOTIC: [8192] preg_replace(): The /e modifier is deprecated, use preg_replace_callback instead D:\project\gaotie_jx\ThinkPHP\Lib\Template\ThinkTemplate.class.php 第 359 行.
NOTIC: [8192] preg_replace(): The /e modifier is deprecated, use preg_replace_callback instead D:\project\gaotie_jx\ThinkPHP\Lib\Template\ThinkTemplate.class.php 第 359 行.
NOTIC: [8192] preg_replace(): The /e modifier is deprecated, use preg_replace_callback instead D:\project\gaotie_jx\ThinkPHP\Lib\Template\ThinkTemplate.class.php 第 359 行.
NOTIC: [8192] preg_replace(): The /e modifier is deprecated, use preg_replace_callback instead D:\project\gaotie_jx\ThinkPHP\Lib\Template\ThinkTemplate.class.php 第 359 行.
NOTIC: [8192] preg_replace(): The /e modifier is deprecated, use preg_replace_callback instead D:\project\gaotie_jx\ThinkPHP\Lib\Template\ThinkTemplate.class.php 第 359 行.
NOTIC: [8192] preg_replace(): The /e modifier is deprecated, use preg_replace_callback instead D:\project\gaotie_jx\ThinkPHP\Lib\Template\ThinkTemplate.class.php 第 359 行.
NOTIC: [8192] preg_replace(): The /e modifier is deprecated, use preg_replace_callback instead D:\project\gaotie_jx\ThinkPHP\Lib\Template\ThinkTemplate.class.php 第 359 行.
NOTIC: [8192] preg_replace(): The /e modifier is deprecated, use preg_replace_callback instead D:\project\gaotie_jx\ThinkPHP\Lib\Template\ThinkTemplate.class.php 第 359 行.
NOTIC: [8192] preg_replace(): The /e modifier is deprecated, use preg_replace_callback instead D:\project\gaotie_jx\ThinkPHP\Lib\Template\ThinkTemplate.class.php 第 359 行.
NOTIC: [8192] preg_replace(): The /e modifier is deprecated, use preg_replace_callback instead D:\project\gaotie_jx\ThinkPHP\Lib\Template\ThinkTemplate.class.php 第 359 行.
NOTIC: [8192] preg_replace(): The /e modifier is deprecated, use preg_replace_callback instead D:\project\gaotie_jx\ThinkPHP\Lib\Template\ThinkTemplate.class.php 第 359 行.
NOTIC: [8192] preg_replace(): The /e modifier is deprecated, use preg_replace_callback instead D:\project\gaotie_jx\ThinkPHP\Lib\Template\ThinkTemplate.class.php 第 359 行.
NOTIC: [8192] preg_replace(): The /e modifier is deprecated, use preg_replace_callback instead D:\project\gaotie_jx\ThinkPHP\Lib\Template\ThinkTemplate.class.php 第 359 行.
NOTIC: [8192] preg_replace(): The /e modifier is deprecated, use preg_replace_callback instead D:\project\gaotie_jx\ThinkPHP\Lib\Template\ThinkTemplate.class.php 第 359 行.
NOTIC: [8192] preg_replace(): The /e modifier is deprecated, use preg_replace_callback instead D:\project\gaotie_jx\ThinkPHP\Lib\Template\ThinkTemplate.class.php 第 359 行.
NOTIC: [8192] preg_replace(): The /e modifier is deprecated, use preg_replace_callback instead D:\project\gaotie_jx\ThinkPHP\Lib\Template\ThinkTemplate.class.php 第 359 行.
NOTIC: [8192] preg_replace(): The /e modifier is deprecated, use preg_replace_callback instead D:\project\gaotie_jx\ThinkPHP\Lib\Template\ThinkTemplate.class.php 第 359 行.
NOTIC: [8192] preg_replace(): The /e modifier is deprecated, use preg_replace_callback instead D:\project\gaotie_jx\ThinkPHP\Lib\Template\ThinkTemplate.class.php 第 359 行.
NOTIC: [8192] preg_replace(): The /e modifier is deprecated, use preg_replace_callback instead D:\project\gaotie_jx\ThinkPHP\Lib\Template\ThinkTemplate.class.php 第 359 行.
NOTIC: [8192] preg_replace(): The /e modifier is deprecated, use preg_replace_callback instead D:\project\gaotie_jx\ThinkPHP\Lib\Template\ThinkTemplate.class.php 第 359 行.
NOTIC: [8192] preg_replace(): The /e modifier is deprecated, use preg_replace_callback instead D:\project\gaotie_jx\ThinkPHP\Lib\Template\ThinkTemplate.class.php 第 359 行.
NOTIC: [8192] preg_replace(): The /e modifier is deprecated, use preg_replace_callback instead D:\project\gaotie_jx\ThinkPHP\Lib\Template\ThinkTemplate.class.php 第 359 行.
NOTIC: [8192] preg_replace(): The /e modifier is deprecated, use preg_replace_callback instead D:\project\gaotie_jx\ThinkPHP\Lib\Template\ThinkTemplate.class.php 第 359 行.
NOTIC: [8192] preg_replace(): The /e modifier is deprecated, use preg_replace_callback instead D:\project\gaotie_jx\ThinkPHP\Lib\Template\ThinkTemplate.class.php 第 359 行.
NOTIC: [8192] preg_replace(): The /e modifier is deprecated, use preg_replace_callback instead D:\project\gaotie_jx\ThinkPHP\Lib\Template\ThinkTemplate.class.php 第 359 行.
NOTIC: [8192] preg_replace(): The /e modifier is deprecated, use preg_replace_callback instead D:\project\gaotie_jx\ThinkPHP\Lib\Template\ThinkTemplate.class.php 第 359 行.
NOTIC: [8192] preg_replace(): The /e modifier is deprecated, use preg_replace_callback instead D:\project\gaotie_jx\ThinkPHP\Lib\Template\ThinkTemplate.class.php 第 359 行.
NOTIC: [8192] preg_replace(): The /e modifier is deprecated, use preg_replace_callback instead D:\project\gaotie_jx\ThinkPHP\Lib\Template\ThinkTemplate.class.php 第 359 行.
NOTIC: [8192] preg_replace(): The /e modifier is deprecated, use preg_replace_callback instead D:\project\gaotie_jx\ThinkPHP\Lib\Template\ThinkTemplate.class.php 第 359 行.
NOTIC: [8192] preg_replace(): The /e modifier is deprecated, use preg_replace_callback instead D:\project\gaotie_jx\ThinkPHP\Lib\Template\ThinkTemplate.class.php 第 359 行.
NOTIC: [8192] preg_replace(): The /e modifier is deprecated, use preg_replace_callback instead D:\project\gaotie_jx\ThinkPHP\Lib\Template\ThinkTemplate.class.php 第 359 行.
NOTIC: [8192] preg_replace(): The /e modifier is deprecated, use preg_replace_callback instead D:\project\gaotie_jx\ThinkPHP\Lib\Template\ThinkTemplate.class.php 第 359 行.
NOTIC: [8192] preg_replace(): The /e modifier is deprecated, use preg_replace_callback instead D:\project\gaotie_jx\ThinkPHP\Lib\Template\ThinkTemplate.class.php 第 359 行.
NOTIC: [8192] preg_replace(): The /e modifier is deprecated, use preg_replace_callback instead D:\project\gaotie_jx\ThinkPHP\Lib\Template\ThinkTemplate.class.php 第 359 行.
NOTIC: [8192] preg_replace(): The /e modifier is deprecated, use preg_replace_callback instead D:\project\gaotie_jx\ThinkPHP\Lib\Template\ThinkTemplate.class.php 第 359 行.
NOTIC: [8192] preg_replace(): The /e modifier is deprecated, use preg_replace_callback instead D:\project\gaotie_jx\ThinkPHP\Lib\Template\ThinkTemplate.class.php 第 359 行.
NOTIC: [8192] preg_replace(): The /e modifier is deprecated, use preg_replace_callback instead D:\project\gaotie_jx\ThinkPHP\Lib\Template\ThinkTemplate.class.php 第 359 行.
NOTIC: [8192] preg_replace(): The /e modifier is deprecated, use preg_replace_callback instead D:\project\gaotie_jx\ThinkPHP\Lib\Template\ThinkTemplate.class.php 第 359 行.
NOTIC: [8192] preg_replace(): The /e modifier is deprecated, use preg_replace_callback instead D:\project\gaotie_jx\ThinkPHP\Lib\Template\ThinkTemplate.class.php 第 359 行.
NOTIC: [8192] preg_replace(): The /e modifier is deprecated, use preg_replace_callback instead D:\project\gaotie_jx\ThinkPHP\Lib\Template\ThinkTemplate.class.php 第 359 行.
NOTIC: [8192] preg_replace(): The /e modifier is deprecated, use preg_replace_callback instead D:\project\gaotie_jx\ThinkPHP\Lib\Template\ThinkTemplate.class.php 第 359 行.
NOTIC: [8192] preg_replace(): The /e modifier is deprecated, use preg_replace_callback instead D:\project\gaotie_jx\ThinkPHP\Lib\Template\ThinkTemplate.class.php 第 359 行.
NOTIC: [8192] preg_replace(): The /e modifier is deprecated, use preg_replace_callback instead D:\project\gaotie_jx\ThinkPHP\Lib\Template\ThinkTemplate.class.php 第 359 行.
NOTIC: [8192] preg_replace(): The /e modifier is deprecated, use preg_replace_callback instead D:\project\gaotie_jx\ThinkPHP\Lib\Template\ThinkTemplate.class.php 第 359 行.
NOTIC: [8192] preg_replace(): The /e modifier is deprecated, use preg_replace_callback instead D:\project\gaotie_jx\ThinkPHP\Lib\Template\ThinkTemplate.class.php 第 359 行.
NOTIC: [8192] preg_replace(): The /e modifier is deprecated, use preg_replace_callback instead D:\project\gaotie_jx\ThinkPHP\Lib\Template\ThinkTemplate.class.php 第 359 行.
NOTIC: [8192] preg_replace(): The /e modifier is deprecated, use preg_replace_callback instead D:\project\gaotie_jx\ThinkPHP\Lib\Template\ThinkTemplate.class.php 第 359 行.
NOTIC: [8192] preg_replace(): The /e modifier is deprecated, use preg_replace_callback instead D:\project\gaotie_jx\ThinkPHP\Lib\Template\ThinkTemplate.class.php 第 359 行.
NOTIC: [8192] preg_replace(): The /e modifier is deprecated, use preg_replace_callback instead D:\project\gaotie_jx\ThinkPHP\Lib\Template\ThinkTemplate.class.php 第 359 行.
NOTIC: [8192] preg_replace(): The /e modifier is deprecated, use preg_replace_callback instead D:\project\gaotie_jx\ThinkPHP\Lib\Template\ThinkTemplate.class.php 第 359 行.
NOTIC: [8192] preg_replace(): The /e modifier is deprecated, use preg_replace_callback instead D:\project\gaotie_jx\ThinkPHP\Lib\Template\ThinkTemplate.class.php 第 359 行.
NOTIC: [8192] preg_replace(): The /e modifier is deprecated, use preg_replace_callback instead D:\project\gaotie_jx\ThinkPHP\Lib\Template\ThinkTemplate.class.php 第 354 行.
NOTIC: [8192] preg_replace(): The /e modifier is deprecated, use preg_replace_callback instead D:\project\gaotie_jx\ThinkPHP\Lib\Template\ThinkTemplate.class.php 第 354 行.
NOTIC: [8192] preg_replace(): The /e modifier is deprecated, use preg_replace_callback instead D:\project\gaotie_jx\ThinkPHP\Lib\Template\ThinkTemplate.class.php 第 354 行.
NOTIC: [8192] preg_replace(): The /e modifier is deprecated, use preg_replace_callback instead D:\project\gaotie_jx\ThinkPHP\Lib\Template\ThinkTemplate.class.php 第 354 行.
NOTIC: [8192] preg_replace(): The /e modifier is deprecated, use preg_replace_callback instead D:\project\gaotie_jx\ThinkPHP\Lib\Template\ThinkTemplate.class.php 第 354 行.
NOTIC: [8192] preg_replace(): The /e modifier is deprecated, use preg_replace_callback instead D:\project\gaotie_jx\ThinkPHP\Lib\Template\ThinkTemplate.class.php 第 354 行.
NOTIC: [8192] preg_replace(): The /e modifier is deprecated, use preg_replace_callback instead D:\project\gaotie_jx\ThinkPHP\Lib\Template\ThinkTemplate.class.php 第 359 行.
NOTIC: [8192] preg_replace(): The /e modifier is deprecated, use preg_replace_callback instead D:\project\gaotie_jx\ThinkPHP\Lib\Template\ThinkTemplate.class.php 第 359 行.
NOTIC: [8192] preg_replace(): The /e modifier is deprecated, use preg_replace_callback instead D:\project\gaotie_jx\ThinkPHP\Lib\Template\ThinkTemplate.class.php 第 359 行.
NOTIC: [8192] preg_replace(): The /e modifier is deprecated, use preg_replace_callback instead D:\project\gaotie_jx\ThinkPHP\Lib\Template\ThinkTemplate.class.php 第 193 行.
NOTIC: [8192] preg_replace(): The /e modifier is deprecated, use preg_replace_callback instead D:\project\gaotie_jx\ThinkPHP\Lib\Template\ThinkTemplate.class.php 第 359 行.
NOTIC: [8192] preg_replace(): The /e modifier is deprecated, use preg_replace_callback instead D:\project\gaotie_jx\ThinkPHP\Lib\Template\ThinkTemplate.class.php 第 164 行.
NOTIC: [8192] preg_replace(): The /e modifier is deprecated, use preg_replace_callback instead D:\project\gaotie_jx\ThinkPHP\Lib\Template\ThinkTemplate.class.php 第 359 行.
NOTIC: [8192] preg_replace(): The /e modifier is deprecated, use preg_replace_callback instead D:\project\gaotie_jx\ThinkPHP\Lib\Template\ThinkTemplate.class.php 第 359 行.
NOTIC: [8192] preg_replace(): The /e modifier is deprecated, use preg_replace_callback instead D:\project\gaotie_jx\ThinkPHP\Lib\Template\ThinkTemplate.class.php 第 359 行.
NOTIC: [8192] preg_replace(): The /e modifier is deprecated, use preg_replace_callback instead D:\project\gaotie_jx\ThinkPHP\Lib\Template\ThinkTemplate.class.php 第 359 行.
NOTIC: [8192] preg_replace(): The /e modifier is deprecated, use preg_replace_callback instead D:\project\gaotie_jx\ThinkPHP\Lib\Template\ThinkTemplate.class.php 第 359 行.
NOTIC: [8192] preg_replace(): The /e modifier is deprecated, use preg_replace_callback instead D:\project\gaotie_jx\ThinkPHP\Lib\Template\ThinkTemplate.class.php 第 359 行.
NOTIC: [8192] preg_replace(): The /e modifier is deprecated, use preg_replace_callback instead D:\project\gaotie_jx\ThinkPHP\Lib\Template\ThinkTemplate.class.php 第 359 行.
NOTIC: [8192] preg_replace(): The /e modifier is deprecated, use preg_replace_callback instead D:\project\gaotie_jx\ThinkPHP\Lib\Template\ThinkTemplate.class.php 第 359 行.
NOTIC: [8192] preg_replace(): The /e modifier is deprecated, use preg_replace_callback instead D:\project\gaotie_jx\ThinkPHP\Lib\Template\ThinkTemplate.class.php 第 359 行.
NOTIC: [8192] preg_replace(): The /e modifier is deprecated, use preg_replace_callback instead D:\project\gaotie_jx\ThinkPHP\Lib\Template\ThinkTemplate.class.php 第 359 行.
NOTIC: [8192] preg_replace(): The /e modifier is deprecated, use preg_replace_callback instead D:\project\gaotie_jx\ThinkPHP\Lib\Template\ThinkTemplate.class.php 第 359 行.
NOTIC: [8192] preg_replace(): The /e modifier is deprecated, use preg_replace_callback instead D:\project\gaotie_jx\ThinkPHP\Lib\Template\ThinkTemplate.class.php 第 359 行.
NOTIC: [8192] preg_replace(): The /e modifier is deprecated, use preg_replace_callback instead D:\project\gaotie_jx\ThinkPHP\Lib\Template\ThinkTemplate.class.php 第 354 行.
NOTIC: [8192] preg_replace(): The /e modifier is deprecated, use preg_replace_callback instead D:\project\gaotie_jx\ThinkPHP\Lib\Template\ThinkTemplate.class.php 第 354 行.
NOTIC: [8192] preg_replace(): The /e modifier is deprecated, use preg_replace_callback instead D:\project\gaotie_jx\ThinkPHP\Lib\Template\ThinkTemplate.class.php 第 359 行.
NOTIC: [8192] preg_replace(): The /e modifier is deprecated, use preg_replace_callback instead D:\project\gaotie_jx\ThinkPHP\Lib\Template\ThinkTemplate.class.php 第 359 行.
NOTIC: [8192] preg_replace(): The /e modifier is deprecated, use preg_replace_callback instead D:\project\gaotie_jx\ThinkPHP\Lib\Template\ThinkTemplate.class.php 第 359 行.
NOTIC: [8192] preg_replace(): The /e modifier is deprecated, use preg_replace_callback instead D:\project\gaotie_jx\ThinkPHP\Lib\Template\ThinkTemplate.class.php 第 354 行.
NOTIC: [8192] preg_replace(): The /e modifier is deprecated, use preg_replace_callback instead D:\project\gaotie_jx\ThinkPHP\Lib\Template\ThinkTemplate.class.php 第 359 行.
NOTIC: [8192] preg_replace(): The /e modifier is deprecated, use preg_replace_callback instead D:\project\gaotie_jx\ThinkPHP\Lib\Template\ThinkTemplate.class.php 第 359 行.
NOTIC: [8192] preg_replace(): The /e modifier is deprecated, use preg_replace_callback instead D:\project\gaotie_jx\ThinkPHP\Lib\Template\ThinkTemplate.class.php 第 359 行.
NOTIC: [8192] preg_replace(): The /e modifier is deprecated, use preg_replace_callback instead D:\project\gaotie_jx\ThinkPHP\Lib\Template\ThinkTemplate.class.php 第 359 行.
NOTIC: [8192] preg_replace(): The /e modifier is deprecated, use preg_replace_callback instead D:\project\gaotie_jx\ThinkPHP\Lib\Template\ThinkTemplate.class.php 第 359 行.
NOTIC: [8192] preg_replace(): The /e modifier is deprecated, use preg_replace_callback instead D:\project\gaotie_jx\ThinkPHP\Lib\Template\ThinkTemplate.class.php 第 359 行.
NOTIC: [8192] preg_replace(): The /e modifier is deprecated, use preg_replace_callback instead D:\project\gaotie_jx\ThinkPHP\Lib\Template\ThinkTemplate.class.php 第 359 行.
NOTIC: [8192] preg_replace(): The /e modifier is deprecated, use preg_replace_callback instead D:\project\gaotie_jx\ThinkPHP\Lib\Template\ThinkTemplate.class.php 第 359 行.
NOTIC: [8192] preg_replace(): The /e modifier is deprecated, use preg_replace_callback instead D:\project\gaotie_jx\ThinkPHP\Lib\Template\ThinkTemplate.class.php 第 359 行.
NOTIC: [8192] preg_replace(): The /e modifier is deprecated, use preg_replace_callback instead D:\project\gaotie_jx\ThinkPHP\Lib\Template\ThinkTemplate.class.php 第 359 行.
NOTIC: [8192] preg_replace(): The /e modifier is deprecated, use preg_replace_callback instead D:\project\gaotie_jx\ThinkPHP\Lib\Template\ThinkTemplate.class.php 第 359 行.
NOTIC: [8192] preg_replace(): The /e modifier is deprecated, use preg_replace_callback instead D:\project\gaotie_jx\ThinkPHP\Lib\Template\ThinkTemplate.class.php 第 359 行.
NOTIC: [8192] preg_replace(): The /e modifier is deprecated, use preg_replace_callback instead D:\project\gaotie_jx\ThinkPHP\Lib\Template\ThinkTemplate.class.php 第 359 行.
NOTIC: [8192] preg_replace(): The /e modifier is deprecated, use preg_replace_callback instead D:\project\gaotie_jx\ThinkPHP\Lib\Template\ThinkTemplate.class.php 第 359 行.
NOTIC: [8192] preg_replace(): The /e modifier is deprecated, use preg_replace_callback instead D:\project\gaotie_jx\ThinkPHP\Lib\Template\ThinkTemplate.class.php 第 359 行.
NOTIC: [8192] preg_replace(): The /e modifier is deprecated, use preg_replace_callback instead D:\project\gaotie_jx\ThinkPHP\Lib\Template\ThinkTemplate.class.php 第 359 行.
NOTIC: [8192] preg_replace(): The /e modifier is deprecated, use preg_replace_callback instead D:\project\gaotie_jx\ThinkPHP\Lib\Template\ThinkTemplate.class.php 第 359 行.
NOTIC: [8192] preg_replace(): The /e modifier is deprecated, use preg_replace_callback instead D:\project\gaotie_jx\ThinkPHP\Lib\Template\ThinkTemplate.class.php 第 359 行.
NOTIC: [8192] preg_replace(): The /e modifier is deprecated, use preg_replace_callback instead D:\project\gaotie_jx\ThinkPHP\Lib\Template\ThinkTemplate.class.php 第 359 行.
NOTIC: [8192] preg_replace(): The /e modifier is deprecated, use preg_replace_callback instead D:\project\gaotie_jx\ThinkPHP\Lib\Template\ThinkTemplate.class.php 第 359 行.
NOTIC: [8192] preg_replace(): The /e modifier is deprecated, use preg_replace_callback instead D:\project\gaotie_jx\ThinkPHP\Lib\Template\ThinkTemplate.class.php 第 359 行.
NOTIC: [8192] preg_replace(): The /e modifier is deprecated, use preg_replace_callback instead D:\project\gaotie_jx\ThinkPHP\Lib\Template\ThinkTemplate.class.php 第 359 行.
NOTIC: [8192] preg_replace(): The /e modifier is deprecated, use preg_replace_callback instead D:\project\gaotie_jx\ThinkPHP\Lib\Template\ThinkTemplate.class.php 第 359 行.
NOTIC: [8192] preg_replace(): The /e modifier is deprecated, use preg_replace_callback instead D:\project\gaotie_jx\ThinkPHP\Lib\Template\ThinkTemplate.class.php 第 359 行.
NOTIC: [8192] preg_replace(): The /e modifier is deprecated, use preg_replace_callback instead D:\project\gaotie_jx\ThinkPHP\Lib\Template\ThinkTemplate.class.php 第 359 行.
NOTIC: [8192] preg_replace(): The /e modifier is deprecated, use preg_replace_callback instead D:\project\gaotie_jx\ThinkPHP\Lib\Template\ThinkTemplate.class.php 第 359 行.
NOTIC: [8192] preg_replace(): The /e modifier is deprecated, use preg_replace_callback instead D:\project\gaotie_jx\ThinkPHP\Lib\Template\ThinkTemplate.class.php 第 359 行.
NOTIC: [8192] preg_replace(): The /e modifier is deprecated, use preg_replace_callback instead D:\project\gaotie_jx\ThinkPHP\Lib\Template\ThinkTemplate.class.php 第 359 行.
NOTIC: [8192] preg_replace(): The /e modifier is deprecated, use preg_replace_callback instead D:\project\gaotie_jx\ThinkPHP\Lib\Template\ThinkTemplate.class.php 第 359 行.
NOTIC: [8192] preg_replace(): The /e modifier is deprecated, use preg_replace_callback instead D:\project\gaotie_jx\ThinkPHP\Lib\Template\ThinkTemplate.class.php 第 359 行.
NOTIC: [8192] preg_replace(): The /e modifier is deprecated, use preg_replace_callback instead D:\project\gaotie_jx\ThinkPHP\Lib\Template\ThinkTemplate.class.php 第 359 行.
NOTIC: [8192] preg_replace(): The /e modifier is deprecated, use preg_replace_callback instead D:\project\gaotie_jx\ThinkPHP\Lib\Template\ThinkTemplate.class.php 第 359 行.
NOTIC: [8192] preg_replace(): The /e modifier is deprecated, use preg_replace_callback instead D:\project\gaotie_jx\ThinkPHP\Lib\Template\ThinkTemplate.class.php 第 359 行.
NOTIC: [8192] preg_replace(): The /e modifier is deprecated, use preg_replace_callback instead D:\project\gaotie_jx\ThinkPHP\Lib\Template\ThinkTemplate.class.php 第 359 行.
NOTIC: [8192] preg_replace(): The /e modifier is deprecated, use preg_replace_callback instead D:\project\gaotie_jx\ThinkPHP\Lib\Template\ThinkTemplate.class.php 第 359 行.
NOTIC: [8192] preg_replace(): The /e modifier is deprecated, use preg_replace_callback instead D:\project\gaotie_jx\ThinkPHP\Lib\Template\ThinkTemplate.class.php 第 359 行.
NOTIC: [8192] preg_replace(): The /e modifier is deprecated, use preg_replace_callback instead D:\project\gaotie_jx\ThinkPHP\Lib\Template\ThinkTemplate.class.php 第 359 行.
NOTIC: [8192] preg_replace(): The /e modifier is deprecated, use preg_replace_callback instead D:\project\gaotie_jx\ThinkPHP\Lib\Template\ThinkTemplate.class.php 第 359 行.
NOTIC: [8192] preg_replace(): The /e modifier is deprecated, use preg_replace_callback instead D:\project\gaotie_jx\ThinkPHP\Lib\Template\ThinkTemplate.class.php 第 359 行.
NOTIC: [8192] preg_replace(): The /e modifier is deprecated, use preg_replace_callback instead D:\project\gaotie_jx\ThinkPHP\Lib\Template\ThinkTemplate.class.php 第 359 行.
NOTIC: [8192] preg_replace(): The /e modifier is deprecated, use preg_replace_callback instead D:\project\gaotie_jx\ThinkPHP\Lib\Template\ThinkTemplate.class.php 第 359 行.
NOTIC: [8192] preg_replace(): The /e modifier is deprecated, use preg_replace_callback instead D:\project\gaotie_jx\ThinkPHP\Lib\Template\ThinkTemplate.class.php 第 359 行.
NOTIC: [8192] preg_replace(): The /e modifier is deprecated, use preg_replace_callback instead D:\project\gaotie_jx\ThinkPHP\Lib\Template\ThinkTemplate.class.php 第 359 行.
NOTIC: [8192] preg_replace(): The /e modifier is deprecated, use preg_replace_callback instead D:\project\gaotie_jx\ThinkPHP\Lib\Template\ThinkTemplate.class.php 第 359 行.
NOTIC: [8192] preg_replace(): The /e modifier is deprecated, use preg_replace_callback instead D:\project\gaotie_jx\ThinkPHP\Lib\Template\ThinkTemplate.class.php 第 359 行.
NOTIC: [8192] preg_replace(): The /e modifier is deprecated, use preg_replace_callback instead D:\project\gaotie_jx\ThinkPHP\Lib\Template\ThinkTemplate.class.php 第 359 行.
NOTIC: [8192] preg_replace(): The /e modifier is deprecated, use preg_replace_callback instead D:\project\gaotie_jx\ThinkPHP\Lib\Template\ThinkTemplate.class.php 第 359 行.
NOTIC: [8192] preg_replace(): The /e modifier is deprecated, use preg_replace_callback instead D:\project\gaotie_jx\ThinkPHP\Lib\Template\ThinkTemplate.class.php 第 359 行.
NOTIC: [8192] preg_replace(): The /e modifier is deprecated, use preg_replace_callback instead D:\project\gaotie_jx\ThinkPHP\Lib\Template\ThinkTemplate.class.php 第 359 行.
NOTIC: [8192] preg_replace(): The /e modifier is deprecated, use preg_replace_callback instead D:\project\gaotie_jx\ThinkPHP\Lib\Template\ThinkTemplate.class.php 第 359 行.
NOTIC: [8192] preg_replace(): The /e modifier is deprecated, use preg_replace_callback instead D:\project\gaotie_jx\ThinkPHP\Lib\Template\ThinkTemplate.class.php 第 359 行.
NOTIC: [8192] preg_replace(): The /e modifier is deprecated, use preg_replace_callback instead D:\project\gaotie_jx\ThinkPHP\Lib\Template\ThinkTemplate.class.php 第 359 行.
NOTIC: [8192] preg_replace(): The /e modifier is deprecated, use preg_replace_callback instead D:\project\gaotie_jx\ThinkPHP\Lib\Template\ThinkTemplate.class.php 第 359 行.
NOTIC: [8192] preg_replace(): The /e modifier is deprecated, use preg_replace_callback instead D:\project\gaotie_jx\ThinkPHP\Lib\Template\ThinkTemplate.class.php 第 359 行.
NOTIC: [8192] preg_replace(): The /e modifier is deprecated, use preg_replace_callback instead D:\project\gaotie_jx\ThinkPHP\Lib\Template\ThinkTemplate.class.php 第 359 行.
NOTIC: [8192] preg_replace(): The /e modifier is deprecated, use preg_replace_callback instead D:\project\gaotie_jx\ThinkPHP\Lib\Template\ThinkTemplate.class.php 第 359 行.
NOTIC: [8192] preg_replace(): The /e modifier is deprecated, use preg_replace_callback instead D:\project\gaotie_jx\ThinkPHP\Lib\Template\ThinkTemplate.class.php 第 359 行.
NOTIC: [8192] preg_replace(): The /e modifier is deprecated, use preg_replace_callback instead D:\project\gaotie_jx\ThinkPHP\Lib\Template\ThinkTemplate.class.php 第 359 行.
NOTIC: [8192] preg_replace(): The /e modifier is deprecated, use preg_replace_callback instead D:\project\gaotie_jx\ThinkPHP\Lib\Template\ThinkTemplate.class.php 第 359 行.
NOTIC: [8192] preg_replace(): The /e modifier is deprecated, use preg_replace_callback instead D:\project\gaotie_jx\ThinkPHP\Lib\Template\ThinkTemplate.class.php 第 359 行.
NOTIC: [8192] preg_replace(): The /e modifier is deprecated, use preg_replace_callback instead D:\project\gaotie_jx\ThinkPHP\Lib\Template\ThinkTemplate.class.php 第 359 行.
NOTIC: [8192] preg_replace(): The /e modifier is deprecated, use preg_replace_callback instead D:\project\gaotie_jx\ThinkPHP\Lib\Template\ThinkTemplate.class.php 第 359 行.
NOTIC: [8192] preg_replace(): The /e modifier is deprecated, use preg_replace_callback instead D:\project\gaotie_jx\ThinkPHP\Lib\Template\ThinkTemplate.class.php 第 359 行.
NOTIC: [8192] preg_replace(): The /e modifier is deprecated, use preg_replace_callback instead D:\project\gaotie_jx\ThinkPHP\Lib\Template\ThinkTemplate.class.php 第 359 行.
NOTIC: [8192] preg_replace(): The /e modifier is deprecated, use preg_replace_callback instead D:\project\gaotie_jx\ThinkPHP\Lib\Template\ThinkTemplate.class.php 第 359 行.
NOTIC: [8192] preg_replace(): The /e modifier is deprecated, use preg_replace_callback instead D:\project\gaotie_jx\ThinkPHP\Lib\Template\ThinkTemplate.class.php 第 359 行.
NOTIC: [8192] preg_replace(): The /e modifier is deprecated, use preg_replace_callback instead D:\project\gaotie_jx\ThinkPHP\Lib\Template\ThinkTemplate.class.php 第 354 行.
NOTIC: [8192] preg_replace(): The /e modifier is deprecated, use preg_replace_callback instead D:\project\gaotie_jx\ThinkPHP\Lib\Template\ThinkTemplate.class.php 第 354 行.
NOTIC: [8192] preg_replace(): The /e modifier is deprecated, use preg_replace_callback instead D:\project\gaotie_jx\ThinkPHP\Lib\Template\ThinkTemplate.class.php 第 354 行.
NOTIC: [8192] preg_replace(): The /e modifier is deprecated, use preg_replace_callback instead D:\project\gaotie_jx\ThinkPHP\Lib\Template\ThinkTemplate.class.php 第 354 行.
NOTIC: [8192] preg_replace(): The /e modifier is deprecated, use preg_replace_callback instead D:\project\gaotie_jx\ThinkPHP\Lib\Template\ThinkTemplate.class.php 第 354 行.
NOTIC: [8192] preg_replace(): The /e modifier is deprecated, use preg_replace_callback instead D:\project\gaotie_jx\ThinkPHP\Lib\Template\ThinkTemplate.class.php 第 354 行.
NOTIC: [8192] preg_replace(): The /e modifier is deprecated, use preg_replace_callback instead D:\project\gaotie_jx\ThinkPHP\Lib\Template\ThinkTemplate.class.php 第 359 行.
NOTIC: [8192] preg_replace(): The /e modifier is deprecated, use preg_replace_callback instead D:\project\gaotie_jx\ThinkPHP\Lib\Template\ThinkTemplate.class.php 第 359 行.
NOTIC: [8192] preg_replace(): The /e modifier is deprecated, use preg_replace_callback instead D:\project\gaotie_jx\ThinkPHP\Lib\Template\ThinkTemplate.class.php 第 359 行.
NOTIC: [8192] preg_replace(): The /e modifier is deprecated, use preg_replace_callback instead D:\project\gaotie_jx\ThinkPHP\Lib\Template\ThinkTemplate.class.php 第 193 行.
NOTIC: [8192] preg_replace(): The /e modifier is deprecated, use preg_replace_callback instead D:\project\gaotie_jx\ThinkPHP\Lib\Template\ThinkTemplate.class.php 第 359 行.
NOTIC: [8192] preg_replace(): The /e modifier is deprecated, use preg_replace_callback instead D:\project\gaotie_jx\ThinkPHP\Lib\Template\ThinkTemplate.class.php 第 359 行.
NOTIC: [8192] preg_replace(): The /e modifier is deprecated, use preg_replace_callback instead D:\project\gaotie_jx\ThinkPHP\Lib\Template\ThinkTemplate.class.php 第 359 行.
NOTIC: [8192] preg_replace(): The /e modifier is deprecated, use preg_replace_callback instead D:\project\gaotie_jx\ThinkPHP\Lib\Template\ThinkTemplate.class.php 第 359 行.
NOTIC: [8192] preg_replace(): The /e modifier is deprecated, use preg_replace_callback instead D:\project\gaotie_jx\ThinkPHP\Lib\Template\ThinkTemplate.class.php 第 359 行.
NOTIC: [8192] preg_replace(): The /e modifier is deprecated, use preg_replace_callback instead D:\project\gaotie_jx\ThinkPHP\Lib\Template\ThinkTemplate.class.php 第 359 行.
NOTIC: [8192] preg_replace(): The /e modifier is deprecated, use preg_replace_callback instead D:\project\gaotie_jx\ThinkPHP\Lib\Template\ThinkTemplate.class.php 第 354 行.
NOTIC: [8192] preg_replace(): The /e modifier is deprecated, use preg_replace_callback instead D:\project\gaotie_jx\ThinkPHP\Lib\Template\ThinkTemplate.class.php 第 354 行.
NOTIC: [8192] preg_replace(): The /e modifier is deprecated, use preg_replace_callback instead D:\project\gaotie_jx\ThinkPHP\Lib\Template\ThinkTemplate.class.php 第 359 行.
NOTIC: [8192] preg_replace(): The /e modifier is deprecated, use preg_replace_callback instead D:\project\gaotie_jx\ThinkPHP\Lib\Template\ThinkTemplate.class.php 第 359 行.
NOTIC: [8192] preg_replace(): The /e modifier is deprecated, use preg_replace_callback instead D:\project\gaotie_jx\ThinkPHP\Lib\Template\ThinkTemplate.class.php 第 359 行.
NOTIC: [8192] preg_replace(): The /e modifier is deprecated, use preg_replace_callback instead D:\project\gaotie_jx\ThinkPHP\Lib\Template\ThinkTemplate.class.php 第 354 行.
NOTIC: [8192] preg_replace(): The /e modifier is deprecated, use preg_replace_callback instead D:\project\gaotie_jx\ThinkPHP\Lib\Template\ThinkTemplate.class.php 第 359 行.
NOTIC: [8192] preg_replace(): The /e modifier is deprecated, use preg_replace_callback instead D:\project\gaotie_jx\ThinkPHP\Lib\Template\ThinkTemplate.class.php 第 359 行.
NOTIC: [8192] preg_replace(): The /e modifier is deprecated, use preg_replace_callback instead D:\project\gaotie_jx\ThinkPHP\Lib\Template\ThinkTemplate.class.php 第 359 行.
NOTIC: [8192] preg_replace(): The /e modifier is deprecated, use preg_replace_callback instead D:\project\gaotie_jx\ThinkPHP\Lib\Template\ThinkTemplate.class.php 第 359 行.
NOTIC: [8192] preg_replace(): The /e modifier is deprecated, use preg_replace_callback instead D:\project\gaotie_jx\ThinkPHP\Lib\Template\ThinkTemplate.class.php 第 359 行.
NOTIC: [8192] preg_replace(): The /e modifier is deprecated, use preg_replace_callback instead D:\project\gaotie_jx\ThinkPHP\Lib\Template\ThinkTemplate.class.php 第 359 行.
NOTIC: [8192] preg_replace(): The /e modifier is deprecated, use preg_replace_callback instead D:\project\gaotie_jx\ThinkPHP\Lib\Template\ThinkTemplate.class.php 第 359 行.
NOTIC: [8192] preg_replace(): The /e modifier is deprecated, use preg_replace_callback instead D:\project\gaotie_jx\ThinkPHP\Lib\Template\ThinkTemplate.class.php 第 359 行.
NOTIC: [8192] preg_replace(): The /e modifier is deprecated, use preg_replace_callback instead D:\project\gaotie_jx\ThinkPHP\Lib\Template\ThinkTemplate.class.php 第 359 行.
NOTIC: [8192] preg_replace(): The /e modifier is deprecated, use preg_replace_callback instead D:\project\gaotie_jx\ThinkPHP\Lib\Template\ThinkTemplate.class.php 第 359 行.
NOTIC: [8192] preg_replace(): The /e modifier is deprecated, use preg_replace_callback instead D:\project\gaotie_jx\ThinkPHP\Lib\Template\ThinkTemplate.class.php 第 359 行.
NOTIC: [8192] preg_replace(): The /e modifier is deprecated, use preg_replace_callback instead D:\project\gaotie_jx\ThinkPHP\Lib\Template\ThinkTemplate.class.php 第 359 行.
NOTIC: [8192] preg_replace(): The /e modifier is deprecated, use preg_replace_callback instead D:\project\gaotie_jx\ThinkPHP\Lib\Template\ThinkTemplate.class.php 第 359 行.
NOTIC: [8192] preg_replace(): The /e modifier is deprecated, use preg_replace_callback instead D:\project\gaotie_jx\ThinkPHP\Lib\Template\ThinkTemplate.class.php 第 359 行.
NOTIC: [8192] preg_replace(): The /e modifier is deprecated, use preg_replace_callback instead D:\project\gaotie_jx\ThinkPHP\Lib\Template\ThinkTemplate.class.php 第 359 行.
NOTIC: [8192] preg_replace(): The /e modifier is deprecated, use preg_replace_callback instead D:\project\gaotie_jx\ThinkPHP\Lib\Template\ThinkTemplate.class.php 第 359 行.
NOTIC: [8192] preg_replace(): The /e modifier is deprecated, use preg_replace_callback instead D:\project\gaotie_jx\ThinkPHP\Lib\Template\ThinkTemplate.class.php 第 359 行.
NOTIC: [8192] preg_replace(): The /e modifier is deprecated, use preg_replace_callback instead D:\project\gaotie_jx\ThinkPHP\Lib\Template\ThinkTemplate.class.php 第 359 行.
NOTIC: [8192] preg_replace(): The /e modifier is deprecated, use preg_replace_callback instead D:\project\gaotie_jx\ThinkPHP\Lib\Template\ThinkTemplate.class.php 第 359 行.
NOTIC: [8192] preg_replace(): The /e modifier is deprecated, use preg_replace_callback instead D:\project\gaotie_jx\ThinkPHP\Lib\Template\ThinkTemplate.class.php 第 359 行.
NOTIC: [8192] preg_replace(): The /e modifier is deprecated, use preg_replace_callback instead D:\project\gaotie_jx\ThinkPHP\Lib\Template\ThinkTemplate.class.php 第 359 行.
NOTIC: [8192] preg_replace(): The /e modifier is deprecated, use preg_replace_callback instead D:\project\gaotie_jx\ThinkPHP\Lib\Template\ThinkTemplate.class.php 第 359 行.
NOTIC: [8192] preg_replace(): The /e modifier is deprecated, use preg_replace_callback instead D:\project\gaotie_jx\ThinkPHP\Lib\Template\ThinkTemplate.class.php 第 359 行.
NOTIC: [8192] preg_replace(): The /e modifier is deprecated, use preg_replace_callback instead D:\project\gaotie_jx\ThinkPHP\Lib\Template\ThinkTemplate.class.php 第 359 行.
NOTIC: [8192] preg_replace(): The /e modifier is deprecated, use preg_replace_callback instead D:\project\gaotie_jx\ThinkPHP\Lib\Template\ThinkTemplate.class.php 第 359 行.
NOTIC: [8192] preg_replace(): The /e modifier is deprecated, use preg_replace_callback instead D:\project\gaotie_jx\ThinkPHP\Lib\Template\ThinkTemplate.class.php 第 359 行.
NOTIC: [8192] preg_replace(): The /e modifier is deprecated, use preg_replace_callback instead D:\project\gaotie_jx\ThinkPHP\Lib\Template\ThinkTemplate.class.php 第 359 行.
NOTIC: [8192] preg_replace(): The /e modifier is deprecated, use preg_replace_callback instead D:\project\gaotie_jx\ThinkPHP\Lib\Template\ThinkTemplate.class.php 第 359 行.
NOTIC: [8192] preg_replace(): The /e modifier is deprecated, use preg_replace_callback instead D:\project\gaotie_jx\ThinkPHP\Lib\Template\ThinkTemplate.class.php 第 359 行.
NOTIC: [8192] preg_replace(): The /e modifier is deprecated, use preg_replace_callback instead D:\project\gaotie_jx\ThinkPHP\Lib\Template\ThinkTemplate.class.php 第 359 行.
NOTIC: [8192] preg_replace(): The /e modifier is deprecated, use preg_replace_callback instead D:\project\gaotie_jx\ThinkPHP\Lib\Template\ThinkTemplate.class.php 第 359 行.
NOTIC: [8192] preg_replace(): The /e modifier is deprecated, use preg_replace_callback instead D:\project\gaotie_jx\ThinkPHP\Lib\Template\ThinkTemplate.class.php 第 359 行.
NOTIC: [8192] preg_replace(): The /e modifier is deprecated, use preg_replace_callback instead D:\project\gaotie_jx\ThinkPHP\Lib\Template\ThinkTemplate.class.php 第 359 行.
NOTIC: [8192] preg_replace(): The /e modifier is deprecated, use preg_replace_callback instead D:\project\gaotie_jx\ThinkPHP\Lib\Template\ThinkTemplate.class.php 第 359 行.
NOTIC: [8192] preg_replace(): The /e modifier is deprecated, use preg_replace_callback instead D:\project\gaotie_jx\ThinkPHP\Lib\Template\ThinkTemplate.class.php 第 359 行.
NOTIC: [8192] preg_replace(): The /e modifier is deprecated, use preg_replace_callback instead D:\project\gaotie_jx\ThinkPHP\Lib\Template\ThinkTemplate.class.php 第 359 行.
NOTIC: [8192] preg_replace(): The /e modifier is deprecated, use preg_replace_callback instead D:\project\gaotie_jx\ThinkPHP\Lib\Template\ThinkTemplate.class.php 第 359 行.
NOTIC: [8192] preg_replace(): The /e modifier is deprecated, use preg_replace_callback instead D:\project\gaotie_jx\ThinkPHP\Lib\Template\ThinkTemplate.class.php 第 359 行.
NOTIC: [8192] preg_replace(): The /e modifier is deprecated, use preg_replace_callback instead D:\project\gaotie_jx\ThinkPHP\Lib\Template\ThinkTemplate.class.php 第 359 行.
NOTIC: [8192] preg_replace(): The /e modifier is deprecated, use preg_replace_callback instead D:\project\gaotie_jx\ThinkPHP\Lib\Template\ThinkTemplate.class.php 第 359 行.
NOTIC: [8192] preg_replace(): The /e modifier is deprecated, use preg_replace_callback instead D:\project\gaotie_jx\ThinkPHP\Lib\Template\ThinkTemplate.class.php 第 359 行.
NOTIC: [8192] preg_replace(): The /e modifier is deprecated, use preg_replace_callback instead D:\project\gaotie_jx\ThinkPHP\Lib\Template\ThinkTemplate.class.php 第 359 行.
NOTIC: [8192] preg_replace(): The /e modifier is deprecated, use preg_replace_callback instead D:\project\gaotie_jx\ThinkPHP\Lib\Template\ThinkTemplate.class.php 第 359 行.
NOTIC: [8192] preg_replace(): The /e modifier is deprecated, use preg_replace_callback instead D:\project\gaotie_jx\ThinkPHP\Lib\Template\ThinkTemplate.class.php 第 359 行.
NOTIC: [8192] preg_replace(): The /e modifier is deprecated, use preg_replace_callback instead D:\project\gaotie_jx\ThinkPHP\Lib\Template\ThinkTemplate.class.php 第 359 行.
NOTIC: [8192] preg_replace(): The /e modifier is deprecated, use preg_replace_callback instead D:\project\gaotie_jx\ThinkPHP\Lib\Template\ThinkTemplate.class.php 第 359 行.
NOTIC: [8192] preg_replace(): The /e modifier is deprecated, use preg_replace_callback instead D:\project\gaotie_jx\ThinkPHP\Lib\Template\ThinkTemplate.class.php 第 359 行.
NOTIC: [8192] preg_replace(): The /e modifier is deprecated, use preg_replace_callback instead D:\project\gaotie_jx\ThinkPHP\Lib\Template\ThinkTemplate.class.php 第 359 行.
NOTIC: [8192] preg_replace(): The /e modifier is deprecated, use preg_replace_callback instead D:\project\gaotie_jx\ThinkPHP\Lib\Template\ThinkTemplate.class.php 第 359 行.
NOTIC: [8192] preg_replace(): The /e modifier is deprecated, use preg_replace_callback instead D:\project\gaotie_jx\ThinkPHP\Lib\Template\ThinkTemplate.class.php 第 359 行.
NOTIC: [8192] preg_replace(): The /e modifier is deprecated, use preg_replace_callback instead D:\project\gaotie_jx\ThinkPHP\Lib\Template\ThinkTemplate.class.php 第 359 行.
NOTIC: [8192] preg_replace(): The /e modifier is deprecated, use preg_replace_callback instead D:\project\gaotie_jx\ThinkPHP\Lib\Template\ThinkTemplate.class.php 第 359 行.
NOTIC: [8192] preg_replace(): The /e modifier is deprecated, use preg_replace_callback instead D:\project\gaotie_jx\ThinkPHP\Lib\Template\ThinkTemplate.class.php 第 359 行.
NOTIC: [8192] preg_replace(): The /e modifier is deprecated, use preg_replace_callback instead D:\project\gaotie_jx\ThinkPHP\Lib\Template\ThinkTemplate.class.php 第 359 行.
NOTIC: [8192] preg_replace(): The /e modifier is deprecated, use preg_replace_callback instead D:\project\gaotie_jx\ThinkPHP\Lib\Template\ThinkTemplate.class.php 第 359 行.
NOTIC: [8192] preg_replace(): The /e modifier is deprecated, use preg_replace_callback instead D:\project\gaotie_jx\ThinkPHP\Lib\Template\ThinkTemplate.class.php 第 359 行.
NOTIC: [8192] preg_replace(): The /e modifier is deprecated, use preg_replace_callback instead D:\project\gaotie_jx\ThinkPHP\Lib\Template\ThinkTemplate.class.php 第 359 行.
NOTIC: [8192] preg_replace(): The /e modifier is deprecated, use preg_replace_callback instead D:\project\gaotie_jx\ThinkPHP\Lib\Template\ThinkTemplate.class.php 第 359 行.
NOTIC: [8192] preg_replace(): The /e modifier is deprecated, use preg_replace_callback instead D:\project\gaotie_jx\ThinkPHP\Lib\Template\ThinkTemplate.class.php 第 359 行.
NOTIC: [8192] preg_replace(): The /e modifier is deprecated, use preg_replace_callback instead D:\project\gaotie_jx\ThinkPHP\Lib\Template\ThinkTemplate.class.php 第 359 行.
NOTIC: [8192] preg_replace(): The /e modifier is deprecated, use preg_replace_callback instead D:\project\gaotie_jx\ThinkPHP\Lib\Template\ThinkTemplate.class.php 第 359 行.
NOTIC: [8192] preg_replace(): The /e modifier is deprecated, use preg_replace_callback instead D:\project\gaotie_jx\ThinkPHP\Lib\Template\ThinkTemplate.class.php 第 359 行.
NOTIC: [8192] preg_replace(): The /e modifier is deprecated, use preg_replace_callback instead D:\project\gaotie_jx\ThinkPHP\Lib\Template\ThinkTemplate.class.php 第 359 行.
NOTIC: [8192] preg_replace(): The /e modifier is deprecated, use preg_replace_callback instead D:\project\gaotie_jx\ThinkPHP\Lib\Template\ThinkTemplate.class.php 第 359 行.
NOTIC: [8192] preg_replace(): The /e modifier is deprecated, use preg_replace_callback instead D:\project\gaotie_jx\ThinkPHP\Lib\Template\ThinkTemplate.class.php 第 359 行.
NOTIC: [8192] preg_replace(): The /e modifier is deprecated, use preg_replace_callback instead D:\project\gaotie_jx\ThinkPHP\Lib\Template\ThinkTemplate.class.php 第 359 行.
NOTIC: [8192] preg_replace(): The /e modifier is deprecated, use preg_replace_callback instead D:\project\gaotie_jx\ThinkPHP\Lib\Template\ThinkTemplate.class.php 第 354 行.
NOTIC: [8192] preg_replace(): The /e modifier is deprecated, use preg_replace_callback instead D:\project\gaotie_jx\ThinkPHP\Lib\Template\ThinkTemplate.class.php 第 354 行.
NOTIC: [8192] preg_replace(): The /e modifier is deprecated, use preg_replace_callback instead D:\project\gaotie_jx\ThinkPHP\Lib\Template\ThinkTemplate.class.php 第 354 行.
NOTIC: [8192] preg_replace(): The /e modifier is deprecated, use preg_replace_callback instead D:\project\gaotie_jx\ThinkPHP\Lib\Template\ThinkTemplate.class.php 第 354 行.
NOTIC: [8192] preg_replace(): The /e modifier is deprecated, use preg_replace_callback instead D:\project\gaotie_jx\ThinkPHP\Lib\Template\ThinkTemplate.class.php 第 354 行.
NOTIC: [8192] preg_replace(): The /e modifier is deprecated, use preg_replace_callback instead D:\project\gaotie_jx\ThinkPHP\Lib\Template\ThinkTemplate.class.php 第 354 行.
NOTIC: [8192] preg_replace(): The /e modifier is deprecated, use preg_replace_callback instead D:\project\gaotie_jx\ThinkPHP\Lib\Template\ThinkTemplate.class.php 第 359 行.
NOTIC: [8192] preg_replace(): The /e modifier is deprecated, use preg_replace_callback instead D:\project\gaotie_jx\ThinkPHP\Lib\Template\ThinkTemplate.class.php 第 359 行.
NOTIC: [8192] preg_replace(): The /e modifier is deprecated, use preg_replace_callback instead D:\project\gaotie_jx\ThinkPHP\Lib\Template\ThinkTemplate.class.php 第 359 行.
NOTIC: [8192] preg_replace(): The /e modifier is deprecated, use preg_replace_callback instead D:\project\gaotie_jx\ThinkPHP\Lib\Template\ThinkTemplate.class.php 第 193 行.
NOTIC: [8192] preg_replace(): The /e modifier is deprecated, use preg_replace_callback instead D:\project\gaotie_jx\ThinkPHP\Lib\Template\ThinkTemplate.class.php 第 133 行.
NOTIC: [8] Undefined variable: currentPage D:\project\gaotie_jx\Project\Runtime\Cache\Admin\91381ced97c79196a5fb9d905f8b3ca0.php 第 4 行.
NOTIC: [8] Undefined variable: pageSize D:\project\gaotie_jx\Project\Runtime\Cache\Admin\91381ced97c79196a5fb9d905f8b3ca0.php 第 5 行.
NOTIC: [8] Undefined index: _order D:\project\gaotie_jx\Project\Runtime\Cache\Admin\91381ced97c79196a5fb9d905f8b3ca0.php 第 7 行.
NOTIC: [8] Undefined index: _sort D:\project\gaotie_jx\Project\Runtime\Cache\Admin\91381ced97c79196a5fb9d905f8b3ca0.php 第 8 行.
NOTIC: [8] Undefined variable: name D:\project\gaotie_jx\Project\Runtime\Cache\Admin\91381ced97c79196a5fb9d905f8b3ca0.php 第 11 行.
NOTIC: [8] Undefined variable: uname D:\project\gaotie_jx\Project\Runtime\Cache\Admin\91381ced97c79196a5fb9d905f8b3ca0.php 第 14 行.
NOTIC: [8] Undefined variable: truename D:\project\gaotie_jx\Project\Runtime\Cache\Admin\91381ced97c79196a5fb9d905f8b3ca0.php 第 16 行.
NOTIC: [8] Use of undefined constant autoid - assumed 'autoid' D:\project\gaotie_jx\Project\Runtime\Cache\Admin\91381ced97c79196a5fb9d905f8b3ca0.php 第 54 行.
NOTIC: [8] Use of undefined constant autoid - assumed 'autoid' D:\project\gaotie_jx\Project\Runtime\Cache\Admin\91381ced97c79196a5fb9d905f8b3ca0.php 第 54 行.
NOTIC: [8] Use of undefined constant autoid - assumed 'autoid' D:\project\gaotie_jx\Project\Runtime\Cache\Admin\91381ced97c79196a5fb9d905f8b3ca0.php 第 54 行.
NOTIC: [8] Use of undefined constant autoid - assumed 'autoid' D:\project\gaotie_jx\Project\Runtime\Cache\Admin\91381ced97c79196a5fb9d905f8b3ca0.php 第 54 行.
NOTIC: [8] Use of undefined constant autoid - assumed 'autoid' D:\project\gaotie_jx\Project\Runtime\Cache\Admin\91381ced97c79196a5fb9d905f8b3ca0.php 第 54 行.
NOTIC: [8] Use of undefined constant autoid - assumed 'autoid' D:\project\gaotie_jx\Project\Runtime\Cache\Admin\91381ced97c79196a5fb9d905f8b3ca0.php 第 54 行.
NOTIC: [8] Use of undefined constant autoid - assumed 'autoid' D:\project\gaotie_jx\Project\Runtime\Cache\Admin\91381ced97c79196a5fb9d905f8b3ca0.php 第 54 行.
NOTIC: [8] Use of undefined constant autoid - assumed 'autoid' D:\project\gaotie_jx\Project\Runtime\Cache\Admin\91381ced97c79196a5fb9d905f8b3ca0.php 第 54 行.
NOTIC: [8] Use of undefined constant autoid - assumed 'autoid' D:\project\gaotie_jx\Project\Runtime\Cache\Admin\91381ced97c79196a5fb9d905f8b3ca0.php 第 54 行.
NOTIC: [8] Use of undefined constant autoid - assumed 'autoid' D:\project\gaotie_jx\Project\Runtime\Cache\Admin\91381ced97c79196a5fb9d905f8b3ca0.php 第 54 行.
NOTIC: [8] Use of undefined constant autoid - assumed 'autoid' D:\project\gaotie_jx\Project\Runtime\Cache\Admin\91381ced97c79196a5fb9d905f8b3ca0.php 第 54 行.
NOTIC: [8] Use of undefined constant autoid - assumed 'autoid' D:\project\gaotie_jx\Project\Runtime\Cache\Admin\91381ced97c79196a5fb9d905f8b3ca0.php 第 54 行.
NOTIC: [8] Use of undefined constant autoid - assumed 'autoid' D:\project\gaotie_jx\Project\Runtime\Cache\Admin\91381ced97c79196a5fb9d905f8b3ca0.php 第 54 行.
NOTIC: [8] Use of undefined constant autoid - assumed 'autoid' D:\project\gaotie_jx\Project\Runtime\Cache\Admin\91381ced97c79196a5fb9d905f8b3ca0.php 第 54 行.
NOTIC: [8] Use of undefined constant autoid - assumed 'autoid' D:\project\gaotie_jx\Project\Runtime\Cache\Admin\91381ced97c79196a5fb9d905f8b3ca0.php 第 54 行.
NOTIC: [8] Use of undefined constant autoid - assumed 'autoid' D:\project\gaotie_jx\Project\Runtime\Cache\Admin\91381ced97c79196a5fb9d905f8b3ca0.php 第 54 行.
NOTIC: [8] Use of undefined constant autoid - assumed 'autoid' D:\project\gaotie_jx\Project\Runtime\Cache\Admin\91381ced97c79196a5fb9d905f8b3ca0.php 第 54 行.
NOTIC: [8] Use of undefined constant autoid - assumed 'autoid' D:\project\gaotie_jx\Project\Runtime\Cache\Admin\91381ced97c79196a5fb9d905f8b3ca0.php 第 54 行.
NOTIC: [8] Use of undefined constant autoid - assumed 'autoid' D:\project\gaotie_jx\Project\Runtime\Cache\Admin\91381ced97c79196a5fb9d905f8b3ca0.php 第 54 行.
NOTIC: [8] Use of undefined constant autoid - assumed 'autoid' D:\project\gaotie_jx\Project\Runtime\Cache\Admin\91381ced97c79196a5fb9d905f8b3ca0.php 第 54 行.
NOTIC: [8] Use of undefined constant autoid - assumed 'autoid' D:\project\gaotie_jx\Project\Runtime\Cache\Admin\91381ced97c79196a5fb9d905f8b3ca0.php 第 54 行.
NOTIC: [8] Use of undefined constant autoid - assumed 'autoid' D:\project\gaotie_jx\Project\Runtime\Cache\Admin\91381ced97c79196a5fb9d905f8b3ca0.php 第 54 行.
NOTIC: [8] Use of undefined constant autoid - assumed 'autoid' D:\project\gaotie_jx\Project\Runtime\Cache\Admin\91381ced97c79196a5fb9d905f8b3ca0.php 第 54 行.
NOTIC: [8] Use of undefined constant autoid - assumed 'autoid' D:\project\gaotie_jx\Project\Runtime\Cache\Admin\91381ced97c79196a5fb9d905f8b3ca0.php 第 54 行.
NOTIC: [8] Use of undefined constant autoid - assumed 'autoid' D:\project\gaotie_jx\Project\Runtime\Cache\Admin\91381ced97c79196a5fb9d905f8b3ca0.php 第 54 行.
NOTIC: [8] Use of undefined constant autoid - assumed 'autoid' D:\project\gaotie_jx\Project\Runtime\Cache\Admin\91381ced97c79196a5fb9d905f8b3ca0.php 第 54 行.
NOTIC: [8] Use of undefined constant autoid - assumed 'autoid' D:\project\gaotie_jx\Project\Runtime\Cache\Admin\91381ced97c79196a5fb9d905f8b3ca0.php 第 54 行.
NOTIC: [8] Use of undefined constant autoid - assumed 'autoid' D:\project\gaotie_jx\Project\Runtime\Cache\Admin\91381ced97c79196a5fb9d905f8b3ca0.php 第 54 行.
NOTIC: [8] Use of undefined constant autoid - assumed 'autoid' D:\project\gaotie_jx\Project\Runtime\Cache\Admin\91381ced97c79196a5fb9d905f8b3ca0.php 第 54 行.
NOTIC: [8] Use of undefined constant autoid - assumed 'autoid' D:\project\gaotie_jx\Project\Runtime\Cache\Admin\91381ced97c79196a5fb9d905f8b3ca0.php 第 54 行.
NOTIC: [8] Use of undefined constant autoid - assumed 'autoid' D:\project\gaotie_jx\Project\Runtime\Cache\Admin\91381ced97c79196a5fb9d905f8b3ca0.php 第 54 行.
NOTIC: [8] Use of undefined constant autoid - assumed 'autoid' D:\project\gaotie_jx\Project\Runtime\Cache\Admin\91381ced97c79196a5fb9d905f8b3ca0.php 第 54 行.
NOTIC: [8] Undefined variable: pageSize D:\project\gaotie_jx\Project\Runtime\Cache\Admin\91381ced97c79196a5fb9d905f8b3ca0.php 第 66 行.
NOTIC: [8] Undefined variable: pageSize D:\project\gaotie_jx\Project\Runtime\Cache\Admin\91381ced97c79196a5fb9d905f8b3ca0.php 第 67 行.
NOTIC: [8] Undefined variable: pageSize D:\project\gaotie_jx\Project\Runtime\Cache\Admin\91381ced97c79196a5fb9d905f8b3ca0.php 第 68 行.
NOTIC: [8] Undefined variable: pageSize D:\project\gaotie_jx\Project\Runtime\Cache\Admin\91381ced97c79196a5fb9d905f8b3ca0.php 第 69 行.
NOTIC: [8] Undefined variable: totalCount D:\project\gaotie_jx\Project\Runtime\Cache\Admin\91381ced97c79196a5fb9d905f8b3ca0.php 第 71 行.
NOTIC: [8] Undefined variable: totalCount D:\project\gaotie_jx\Project\Runtime\Cache\Admin\91381ced97c79196a5fb9d905f8b3ca0.php 第 73 行.
NOTIC: [8] Undefined variable: pageSize D:\project\gaotie_jx\Project\Runtime\Cache\Admin\91381ced97c79196a5fb9d905f8b3ca0.php 第 73 行.
NOTIC: [8] Undefined variable: currentPage D:\project\gaotie_jx\Project\Runtime\Cache\Admin\91381ced97c79196a5fb9d905f8b3ca0.php 第 73 行.
INFO: Run ParseTemplate Behavior [ RunTime:-17.918025s ]
INFO: [ view_parse ] --END-- [ RunTime:0.023001s ]
INFO: [ view_filter ] --START--
INFO: Run ContentReplace Behavior [ RunTime:-17.941026s ]
INFO: Run TokenBuild Behavior [ RunTime:-17.941026s ]
INFO: Run WriteHtmlCache Behavior [ RunTime:-17.942027s ]
INFO: Run ShowRuntime Behavior [ RunTime:-17.942027s ]
INFO: [ view_filter ] --END-- [ RunTime:0.002001s ]
INFO: [ view_end ] --START--
INFO: Run ShowPageTrace Behavior [ RunTime:-17.943027s ]
INFO: [ view_end ] --END-- [ RunTime:0.000000s ]

