[ 2017-01-04T14:14:30+08:00 ] 127.0.0.1 /
NOTIC: [8192] preg_replace(): The /e modifier is deprecated, use preg_replace_callback instead C:\Users\Administrator\Desktop\gaotie_jx\ThinkPHP\Common\common.php 第 89 行.
INFO: [ app_begin ] --START--
INFO: Run ReadHtmlCache Behavior [ RunTime:0.005000s ]
INFO: [ app_begin ] --END-- [ RunTime:0.006000s ]
NOTIC: [8] Undefined index: manager C:\Users\Administrator\Desktop\gaotie_jx\Project\Lib\Action\Admin\IndexAction.class.php 第 19 行.
INFO: [ view_template ] --START--
INFO: Run LocationTemplate Behavior [ RunTime:-0.014001s ]
INFO: [ view_template ] --END-- [ RunTime:0.014001s ]
INFO: [ view_parse ] --START--
NOTIC: [8192] preg_replace(): The /e modifier is deprecated, use preg_replace_callback instead C:\Users\Administrator\Desktop\gaotie_jx\ThinkPHP\Lib\Template\ThinkTemplate.class.php 第 164 行.
NOTIC: [8192] preg_replace(): The /e modifier is deprecated, use preg_replace_callback instead C:\Users\Administrator\Desktop\gaotie_jx\ThinkPHP\Lib\Template\ThinkTemplate.class.php 第 359 行.
NOTIC: [8192] preg_replace(): The /e modifier is deprecated, use preg_replace_callback instead C:\Users\Administrator\Desktop\gaotie_jx\ThinkPHP\Lib\Template\ThinkTemplate.class.php 第 359 行.
NOTIC: [8192] preg_replace(): The /e modifier is deprecated, use preg_replace_callback instead C:\Users\Administrator\Desktop\gaotie_jx\ThinkPHP\Lib\Template\ThinkTemplate.class.php 第 359 行.
NOTIC: [8192] preg_replace(): The /e modifier is deprecated, use preg_replace_callback instead C:\Users\Administrator\Desktop\gaotie_jx\ThinkPHP\Lib\Template\ThinkTemplate.class.php 第 359 行.
NOTIC: [8192] preg_replace(): The /e modifier is deprecated, use preg_replace_callback instead C:\Users\Administrator\Desktop\gaotie_jx\ThinkPHP\Lib\Template\ThinkTemplate.class.php 第 359 行.
NOTIC: [8192] preg_replace(): The /e modifier is deprecated, use preg_replace_callback instead C:\Users\Administrator\Desktop\gaotie_jx\ThinkPHP\Lib\Template\ThinkTemplate.class.php 第 359 行.
NOTIC: [8192] preg_replace(): The /e modifier is deprecated, use preg_replace_callback instead C:\Users\Administrator\Desktop\gaotie_jx\ThinkPHP\Lib\Template\ThinkTemplate.class.php 第 359 行.
NOTIC: [8192] preg_replace(): The /e modifier is deprecated, use preg_replace_callback instead C:\Users\Administrator\Desktop\gaotie_jx\ThinkPHP\Lib\Template\ThinkTemplate.class.php 第 359 行.
NOTIC: [8192] preg_replace(): The /e modifier is deprecated, use preg_replace_callback instead C:\Users\Administrator\Desktop\gaotie_jx\ThinkPHP\Lib\Template\ThinkTemplate.class.php 第 359 行.
NOTIC: [8192] preg_replace(): The /e modifier is deprecated, use preg_replace_callback instead C:\Users\Administrator\Desktop\gaotie_jx\ThinkPHP\Lib\Template\ThinkTemplate.class.php 第 359 行.
NOTIC: [8192] preg_replace(): The /e modifier is deprecated, use preg_replace_callback instead C:\Users\Administrator\Desktop\gaotie_jx\ThinkPHP\Lib\Template\ThinkTemplate.class.php 第 359 行.
NOTIC: [8192] preg_replace(): The /e modifier is deprecated, use preg_replace_callback instead C:\Users\Administrator\Desktop\gaotie_jx\ThinkPHP\Lib\Template\ThinkTemplate.class.php 第 359 行.
NOTIC: [8192] preg_replace(): The /e modifier is deprecated, use preg_replace_callback instead C:\Users\Administrator\Desktop\gaotie_jx\ThinkPHP\Lib\Template\ThinkTemplate.class.php 第 354 行.
NOTIC: [8192] preg_replace(): The /e modifier is deprecated, use preg_replace_callback instead C:\Users\Administrator\Desktop\gaotie_jx\ThinkPHP\Lib\Template\ThinkTemplate.class.php 第 354 行.
NOTIC: [8192] preg_replace(): The /e modifier is deprecated, use preg_replace_callback instead C:\Users\Administrator\Desktop\gaotie_jx\ThinkPHP\Lib\Template\ThinkTemplate.class.php 第 359 行.
NOTIC: [8192] preg_replace(): The /e modifier is deprecated, use preg_replace_callback instead C:\Users\Administrator\Desktop\gaotie_jx\ThinkPHP\Lib\Template\ThinkTemplate.class.php 第 359 行.
NOTIC: [8192] preg_replace(): The /e modifier is deprecated, use preg_replace_callback instead C:\Users\Administrator\Desktop\gaotie_jx\ThinkPHP\Lib\Template\ThinkTemplate.class.php 第 359 行.
NOTIC: [8192] preg_replace(): The /e modifier is deprecated, use preg_replace_callback instead C:\Users\Administrator\Desktop\gaotie_jx\ThinkPHP\Lib\Template\ThinkTemplate.class.php 第 354 行.
NOTIC: [8192] preg_replace(): The /e modifier is deprecated, use preg_replace_callback instead C:\Users\Administrator\Desktop\gaotie_jx\ThinkPHP\Lib\Template\ThinkTemplate.class.php 第 359 行.
NOTIC: [8192] preg_replace(): The /e modifier is deprecated, use preg_replace_callback instead C:\Users\Administrator\Desktop\gaotie_jx\ThinkPHP\Lib\Template\ThinkTemplate.class.php 第 359 行.
NOTIC: [8192] preg_replace(): The /e modifier is deprecated, use preg_replace_callback instead C:\Users\Administrator\Desktop\gaotie_jx\ThinkPHP\Lib\Template\ThinkTemplate.class.php 第 359 行.
NOTIC: [8192] preg_replace(): The /e modifier is deprecated, use preg_replace_callback instead C:\Users\Administrator\Desktop\gaotie_jx\ThinkPHP\Lib\Template\ThinkTemplate.class.php 第 359 行.
NOTIC: [8192] preg_replace(): The /e modifier is deprecated, use preg_replace_callback instead C:\Users\Administrator\Desktop\gaotie_jx\ThinkPHP\Lib\Template\ThinkTemplate.class.php 第 359 行.
NOTIC: [8192] preg_replace(): The /e modifier is deprecated, use preg_replace_callback instead C:\Users\Administrator\Desktop\gaotie_jx\ThinkPHP\Lib\Template\ThinkTemplate.class.php 第 359 行.
NOTIC: [8192] preg_replace(): The /e modifier is deprecated, use preg_replace_callback instead C:\Users\Administrator\Desktop\gaotie_jx\ThinkPHP\Lib\Template\ThinkTemplate.class.php 第 359 行.
NOTIC: [8192] preg_replace(): The /e modifier is deprecated, use preg_replace_callback instead C:\Users\Administrator\Desktop\gaotie_jx\ThinkPHP\Lib\Template\ThinkTemplate.class.php 第 359 行.
NOTIC: [8192] preg_replace(): The /e modifier is deprecated, use preg_replace_callback instead C:\Users\Administrator\Desktop\gaotie_jx\ThinkPHP\Lib\Template\ThinkTemplate.class.php 第 359 行.
NOTIC: [8192] preg_replace(): The /e modifier is deprecated, use preg_replace_callback instead C:\Users\Administrator\Desktop\gaotie_jx\ThinkPHP\Lib\Template\ThinkTemplate.class.php 第 359 行.
NOTIC: [8192] preg_replace(): The /e modifier is deprecated, use preg_replace_callback instead C:\Users\Administrator\Desktop\gaotie_jx\ThinkPHP\Lib\Template\ThinkTemplate.class.php 第 359 行.
NOTIC: [8192] preg_replace(): The /e modifier is deprecated, use preg_replace_callback instead C:\Users\Administrator\Desktop\gaotie_jx\ThinkPHP\Lib\Template\ThinkTemplate.class.php 第 359 行.
NOTIC: [8192] preg_replace(): The /e modifier is deprecated, use preg_replace_callback instead C:\Users\Administrator\Desktop\gaotie_jx\ThinkPHP\Lib\Template\ThinkTemplate.class.php 第 359 行.
NOTIC: [8192] preg_replace(): The /e modifier is deprecated, use preg_replace_callback instead C:\Users\Administrator\Desktop\gaotie_jx\ThinkPHP\Lib\Template\ThinkTemplate.class.php 第 359 行.
NOTIC: [8192] preg_replace(): The /e modifier is deprecated, use preg_replace_callback instead C:\Users\Administrator\Desktop\gaotie_jx\ThinkPHP\Lib\Template\ThinkTemplate.class.php 第 359 行.
NOTIC: [8192] preg_replace(): The /e modifier is deprecated, use preg_replace_callback instead C:\Users\Administrator\Desktop\gaotie_jx\ThinkPHP\Lib\Template\ThinkTemplate.class.php 第 359 行.
NOTIC: [8192] preg_replace(): The /e modifier is deprecated, use preg_replace_callback instead C:\Users\Administrator\Desktop\gaotie_jx\ThinkPHP\Lib\Template\ThinkTemplate.class.php 第 359 行.
NOTIC: [8192] preg_replace(): The /e modifier is deprecated, use preg_replace_callback instead C:\Users\Administrator\Desktop\gaotie_jx\ThinkPHP\Lib\Template\ThinkTemplate.class.php 第 359 行.
NOTIC: [8192] preg_replace(): The /e modifier is deprecated, use preg_replace_callback instead C:\Users\Administrator\Desktop\gaotie_jx\ThinkPHP\Lib\Template\ThinkTemplate.class.php 第 359 行.
NOTIC: [8192] preg_replace(): The /e modifier is deprecated, use preg_replace_callback instead C:\Users\Administrator\Desktop\gaotie_jx\ThinkPHP\Lib\Template\ThinkTemplate.class.php 第 359 行.
NOTIC: [8192] preg_replace(): The /e modifier is deprecated, use preg_replace_callback instead C:\Users\Administrator\Desktop\gaotie_jx\ThinkPHP\Lib\Template\ThinkTemplate.class.php 第 359 行.
NOTIC: [8192] preg_replace(): The /e modifier is deprecated, use preg_replace_callback instead C:\Users\Administrator\Desktop\gaotie_jx\ThinkPHP\Lib\Template\ThinkTemplate.class.php 第 359 行.
NOTIC: [8192] preg_replace(): The /e modifier is deprecated, use preg_replace_callback instead C:\Users\Administrator\Desktop\gaotie_jx\ThinkPHP\Lib\Template\ThinkTemplate.class.php 第 359 行.
NOTIC: [8192] preg_replace(): The /e modifier is deprecated, use preg_replace_callback instead C:\Users\Administrator\Desktop\gaotie_jx\ThinkPHP\Lib\Template\ThinkTemplate.class.php 第 359 行.
NOTIC: [8192] preg_replace(): The /e modifier is deprecated, use preg_replace_callback instead C:\Users\Administrator\Desktop\gaotie_jx\ThinkPHP\Lib\Template\ThinkTemplate.class.php 第 359 行.
NOTIC: [8192] preg_replace(): The /e modifier is deprecated, use preg_replace_callback instead C:\Users\Administrator\Desktop\gaotie_jx\ThinkPHP\Lib\Template\ThinkTemplate.class.php 第 359 行.
NOTIC: [8192] preg_replace(): The /e modifier is deprecated, use preg_replace_callback instead C:\Users\Administrator\Desktop\gaotie_jx\ThinkPHP\Lib\Template\ThinkTemplate.class.php 第 359 行.
NOTIC: [8192] preg_replace(): The /e modifier is deprecated, use preg_replace_callback instead C:\Users\Administrator\Desktop\gaotie_jx\ThinkPHP\Lib\Template\ThinkTemplate.class.php 第 359 行.
NOTIC: [8192] preg_replace(): The /e modifier is deprecated, use preg_replace_callback instead C:\Users\Administrator\Desktop\gaotie_jx\ThinkPHP\Lib\Template\ThinkTemplate.class.php 第 359 行.
NOTIC: [8192] preg_replace(): The /e modifier is deprecated, use preg_replace_callback instead C:\Users\Administrator\Desktop\gaotie_jx\ThinkPHP\Lib\Template\ThinkTemplate.class.php 第 359 行.
NOTIC: [8192] preg_replace(): The /e modifier is deprecated, use preg_replace_callback instead C:\Users\Administrator\Desktop\gaotie_jx\ThinkPHP\Lib\Template\ThinkTemplate.class.php 第 359 行.
NOTIC: [8192] preg_replace(): The /e modifier is deprecated, use preg_replace_callback instead C:\Users\Administrator\Desktop\gaotie_jx\ThinkPHP\Lib\Template\ThinkTemplate.class.php 第 359 行.
NOTIC: [8192] preg_replace(): The /e modifier is deprecated, use preg_replace_callback instead C:\Users\Administrator\Desktop\gaotie_jx\ThinkPHP\Lib\Template\ThinkTemplate.class.php 第 359 行.
NOTIC: [8192] preg_replace(): The /e modifier is deprecated, use preg_replace_callback instead C:\Users\Administrator\Desktop\gaotie_jx\ThinkPHP\Lib\Template\ThinkTemplate.class.php 第 359 行.
NOTIC: [8192] preg_replace(): The /e modifier is deprecated, use preg_replace_callback instead C:\Users\Administrator\Desktop\gaotie_jx\ThinkPHP\Lib\Template\ThinkTemplate.class.php 第 359 行.
NOTIC: [8192] preg_replace(): The /e modifier is deprecated, use preg_replace_callback instead C:\Users\Administrator\Desktop\gaotie_jx\ThinkPHP\Lib\Template\ThinkTemplate.class.php 第 359 行.
NOTIC: [8192] preg_replace(): The /e modifier is deprecated, use preg_replace_callback instead C:\Users\Administrator\Desktop\gaotie_jx\ThinkPHP\Lib\Template\ThinkTemplate.class.php 第 359 行.
NOTIC: [8192] preg_replace(): The /e modifier is deprecated, use preg_replace_callback instead C:\Users\Administrator\Desktop\gaotie_jx\ThinkPHP\Lib\Template\ThinkTemplate.class.php 第 359 行.
NOTIC: [8192] preg_replace(): The /e modifier is deprecated, use preg_replace_callback instead C:\Users\Administrator\Desktop\gaotie_jx\ThinkPHP\Lib\Template\ThinkTemplate.class.php 第 359 行.
NOTIC: [8192] preg_replace(): The /e modifier is deprecated, use preg_replace_callback instead C:\Users\Administrator\Desktop\gaotie_jx\ThinkPHP\Lib\Template\ThinkTemplate.class.php 第 359 行.
NOTIC: [8192] preg_replace(): The /e modifier is deprecated, use preg_replace_callback instead C:\Users\Administrator\Desktop\gaotie_jx\ThinkPHP\Lib\Template\ThinkTemplate.class.php 第 359 行.
NOTIC: [8192] preg_replace(): The /e modifier is deprecated, use preg_replace_callback instead C:\Users\Administrator\Desktop\gaotie_jx\ThinkPHP\Lib\Template\ThinkTemplate.class.php 第 359 行.
NOTIC: [8192] preg_replace(): The /e modifier is deprecated, use preg_replace_callback instead C:\Users\Administrator\Desktop\gaotie_jx\ThinkPHP\Lib\Template\ThinkTemplate.class.php 第 359 行.
NOTIC: [8192] preg_replace(): The /e modifier is deprecated, use preg_replace_callback instead C:\Users\Administrator\Desktop\gaotie_jx\ThinkPHP\Lib\Template\ThinkTemplate.class.php 第 359 行.
NOTIC: [8192] preg_replace(): The /e modifier is deprecated, use preg_replace_callback instead C:\Users\Administrator\Desktop\gaotie_jx\ThinkPHP\Lib\Template\ThinkTemplate.class.php 第 359 行.
NOTIC: [8192] preg_replace(): The /e modifier is deprecated, use preg_replace_callback instead C:\Users\Administrator\Desktop\gaotie_jx\ThinkPHP\Lib\Template\ThinkTemplate.class.php 第 359 行.
NOTIC: [8192] preg_replace(): The /e modifier is deprecated, use preg_replace_callback instead C:\Users\Administrator\Desktop\gaotie_jx\ThinkPHP\Lib\Template\ThinkTemplate.class.php 第 359 行.
NOTIC: [8192] preg_replace(): The /e modifier is deprecated, use preg_replace_callback instead C:\Users\Administrator\Desktop\gaotie_jx\ThinkPHP\Lib\Template\ThinkTemplate.class.php 第 359 行.
NOTIC: [8192] preg_replace(): The /e modifier is deprecated, use preg_replace_callback instead C:\Users\Administrator\Desktop\gaotie_jx\ThinkPHP\Lib\Template\ThinkTemplate.class.php 第 359 行.
NOTIC: [8192] preg_replace(): The /e modifier is deprecated, use preg_replace_callback instead C:\Users\Administrator\Desktop\gaotie_jx\ThinkPHP\Lib\Template\ThinkTemplate.class.php 第 359 行.
NOTIC: [8192] preg_replace(): The /e modifier is deprecated, use preg_replace_callback instead C:\Users\Administrator\Desktop\gaotie_jx\ThinkPHP\Lib\Template\ThinkTemplate.class.php 第 359 行.
NOTIC: [8192] preg_replace(): The /e modifier is deprecated, use preg_replace_callback instead C:\Users\Administrator\Desktop\gaotie_jx\ThinkPHP\Lib\Template\ThinkTemplate.class.php 第 359 行.
NOTIC: [8192] preg_replace(): The /e modifier is deprecated, use preg_replace_callback instead C:\Users\Administrator\Desktop\gaotie_jx\ThinkPHP\Lib\Template\ThinkTemplate.class.php 第 359 行.
NOTIC: [8192] preg_replace(): The /e modifier is deprecated, use preg_replace_callback instead C:\Users\Administrator\Desktop\gaotie_jx\ThinkPHP\Lib\Template\ThinkTemplate.class.php 第 359 行.
NOTIC: [8192] preg_replace(): The /e modifier is deprecated, use preg_replace_callback instead C:\Users\Administrator\Desktop\gaotie_jx\ThinkPHP\Lib\Template\ThinkTemplate.class.php 第 359 行.
NOTIC: [8192] preg_replace(): The /e modifier is deprecated, use preg_replace_callback instead C:\Users\Administrator\Desktop\gaotie_jx\ThinkPHP\Lib\Template\ThinkTemplate.class.php 第 359 行.
NOTIC: [8192] preg_replace(): The /e modifier is deprecated, use preg_replace_callback instead C:\Users\Administrator\Desktop\gaotie_jx\ThinkPHP\Lib\Template\ThinkTemplate.class.php 第 359 行.
NOTIC: [8192] preg_replace(): The /e modifier is deprecated, use preg_replace_callback instead C:\Users\Administrator\Desktop\gaotie_jx\ThinkPHP\Lib\Template\ThinkTemplate.class.php 第 359 行.
NOTIC: [8192] preg_replace(): The /e modifier is deprecated, use preg_replace_callback instead C:\Users\Administrator\Desktop\gaotie_jx\ThinkPHP\Lib\Template\ThinkTemplate.class.php 第 359 行.
NOTIC: [8192] preg_replace(): The /e modifier is deprecated, use preg_replace_callback instead C:\Users\Administrator\Desktop\gaotie_jx\ThinkPHP\Lib\Template\ThinkTemplate.class.php 第 359 行.
NOTIC: [8192] preg_replace(): The /e modifier is deprecated, use preg_replace_callback instead C:\Users\Administrator\Desktop\gaotie_jx\ThinkPHP\Lib\Template\ThinkTemplate.class.php 第 359 行.
NOTIC: [8192] preg_replace(): The /e modifier is deprecated, use preg_replace_callback instead C:\Users\Administrator\Desktop\gaotie_jx\ThinkPHP\Lib\Template\ThinkTemplate.class.php 第 359 行.
NOTIC: [8192] preg_replace(): The /e modifier is deprecated, use preg_replace_callback instead C:\Users\Administrator\Desktop\gaotie_jx\ThinkPHP\Lib\Template\ThinkTemplate.class.php 第 359 行.
NOTIC: [8192] preg_replace(): The /e modifier is deprecated, use preg_replace_callback instead C:\Users\Administrator\Desktop\gaotie_jx\ThinkPHP\Lib\Template\ThinkTemplate.class.php 第 359 行.
NOTIC: [8192] preg_replace(): The /e modifier is deprecated, use preg_replace_callback instead C:\Users\Administrator\Desktop\gaotie_jx\ThinkPHP\Lib\Template\ThinkTemplate.class.php 第 359 行.
NOTIC: [8192] preg_replace(): The /e modifier is deprecated, use preg_replace_callback instead C:\Users\Administrator\Desktop\gaotie_jx\ThinkPHP\Lib\Template\ThinkTemplate.class.php 第 359 行.
NOTIC: [8192] preg_replace(): The /e modifier is deprecated, use preg_replace_callback instead C:\Users\Administrator\Desktop\gaotie_jx\ThinkPHP\Lib\Template\ThinkTemplate.class.php 第 354 行.
NOTIC: [8192] preg_replace(): The /e modifier is deprecated, use preg_replace_callback instead C:\Users\Administrator\Desktop\gaotie_jx\ThinkPHP\Lib\Template\ThinkTemplate.class.php 第 354 行.
NOTIC: [8192] preg_replace(): The /e modifier is deprecated, use preg_replace_callback instead C:\Users\Administrator\Desktop\gaotie_jx\ThinkPHP\Lib\Template\ThinkTemplate.class.php 第 354 行.
NOTIC: [8192] preg_replace(): The /e modifier is deprecated, use preg_replace_callback instead C:\Users\Administrator\Desktop\gaotie_jx\ThinkPHP\Lib\Template\ThinkTemplate.class.php 第 354 行.
NOTIC: [8192] preg_replace(): The /e modifier is deprecated, use preg_replace_callback instead C:\Users\Administrator\Desktop\gaotie_jx\ThinkPHP\Lib\Template\ThinkTemplate.class.php 第 354 行.
NOTIC: [8192] preg_replace(): The /e modifier is deprecated, use preg_replace_callback instead C:\Users\Administrator\Desktop\gaotie_jx\ThinkPHP\Lib\Template\ThinkTemplate.class.php 第 354 行.
NOTIC: [8192] preg_replace(): The /e modifier is deprecated, use preg_replace_callback instead C:\Users\Administrator\Desktop\gaotie_jx\ThinkPHP\Lib\Template\ThinkTemplate.class.php 第 359 行.
NOTIC: [8192] preg_replace(): The /e modifier is deprecated, use preg_replace_callback instead C:\Users\Administrator\Desktop\gaotie_jx\ThinkPHP\Lib\Template\ThinkTemplate.class.php 第 359 行.
NOTIC: [8192] preg_replace(): The /e modifier is deprecated, use preg_replace_callback instead C:\Users\Administrator\Desktop\gaotie_jx\ThinkPHP\Lib\Template\ThinkTemplate.class.php 第 359 行.
NOTIC: [8192] preg_replace(): The /e modifier is deprecated, use preg_replace_callback instead C:\Users\Administrator\Desktop\gaotie_jx\ThinkPHP\Lib\Template\ThinkTemplate.class.php 第 193 行.
NOTIC: [8192] preg_replace(): The /e modifier is deprecated, use preg_replace_callback instead C:\Users\Administrator\Desktop\gaotie_jx\ThinkPHP\Lib\Template\ThinkTemplate.class.php 第 133 行.
INFO: Run ParseTemplate Behavior [ RunTime:-0.028002s ]
INFO: [ view_parse ] --END-- [ RunTime:0.050002s ]
INFO: [ view_filter ] --START--
INFO: Run ContentReplace Behavior [ RunTime:-0.078004s ]
INFO: Run TokenBuild Behavior [ RunTime:-0.085005s ]
INFO: Run WriteHtmlCache Behavior [ RunTime:-0.095005s ]
INFO: Run ShowRuntime Behavior [ RunTime:-0.102006s ]
INFO: [ view_filter ] --END-- [ RunTime:0.029002s ]
INFO: [ view_end ] --START--
INFO: Run ShowPageTrace Behavior [ RunTime:-0.107006s ]
INFO: [ view_end ] --END-- [ RunTime:0.008001s ]

[ 2017-01-04T14:14:30+08:00 ] 127.0.0.1 /Index/verify/
INFO: [ route_check ] --START--
INFO: Run CheckRoute Behavior [ RunTime:0.012000s ]
INFO: [ route_check ] --END-- [ RunTime:0.012000s ]
NOTIC: [8192] preg_replace(): The /e modifier is deprecated, use preg_replace_callback instead C:\Users\Administrator\Desktop\gaotie_jx\ThinkPHP\Lib\Core\Dispatcher.class.php 第 120 行.
NOTIC: [8192] preg_replace(): The /e modifier is deprecated, use preg_replace_callback instead C:\Users\Administrator\Desktop\gaotie_jx\ThinkPHP\Common\common.php 第 89 行.
INFO: [ app_begin ] --START--
INFO: Run ReadHtmlCache Behavior [ RunTime:-0.002001s ]
INFO: [ app_begin ] --END-- [ RunTime:0.000000s ]

[ 2017-01-04T14:14:30+08:00 ] ERR: (ThinkException) 无法加载模块:Favicon
